2024-11-05 09:58:47.450 [localhost] [33mwarn[39m: Controller is fetch courses for store...
2024-11-05 09:58:47.727 [localhost] [32minfo[39m: wallpaperflare.com_wallpaper (6).jpg
2024-11-05 09:58:47.800 [localhost] [32minfo[39m: Generated presigned URL for retrieval
2024-11-05 09:58:47.804 [localhost] [32minfo[39m: 2024-10-29T03:33:25.722Z-thumbnail.png
2024-11-05 09:58:47.819 [localhost] [32minfo[39m: Generated presigned URL for retrieval
2024-11-05 09:58:47.821 [localhost] [32minfo[39m: 2024-10-30T06:19:00.058Z-thumbnail.png
2024-11-05 09:58:47.834 [localhost] [32minfo[39m: Generated presigned URL for retrieval
2024-11-05 09:58:47.841 [localhost] [32minfo[39m: 2024-10-07T08:02:55.290Z-thumbnail.png
2024-11-05 09:58:47.854 [localhost] [32minfo[39m: Generated presigned URL for retrieval
2024-11-05 09:58:50.563 [localhost] [33mwarn[39m: Controller is fetch courses for store...
2024-11-05 09:58:50.612 [localhost] [32minfo[39m: 2024-10-18T05:52:13.081Z-thumbnail.png
2024-11-05 09:58:50.623 [localhost] [32minfo[39m: Generated presigned URL for retrieval
2024-11-05 09:58:50.625 [localhost] [32minfo[39m: 2024-11-04T04:29:04.583Z-thumbnail.png
2024-11-05 09:58:50.640 [localhost] [32minfo[39m: Generated presigned URL for retrieval
2024-11-05 09:58:56.593 [localhost] [33mwarn[39m: Controller is fetch courses for store...
2024-11-05 09:59:03.687 [localhost] [33mwarn[39m: Controller is fetch courses for store...
2024-11-05 09:59:03.794 [localhost] [32minfo[39m: 2024-10-18T05:52:13.081Z-thumbnail.png
2024-11-05 09:59:03.818 [localhost] [32minfo[39m: Generated presigned URL for retrieval
2024-11-05 09:59:03.822 [localhost] [32minfo[39m: 2024-11-04T04:29:04.583Z-thumbnail.png
2024-11-05 09:59:03.835 [localhost] [32minfo[39m: Generated presigned URL for retrieval
2024-11-05 10:10:12.989 [localhost] [33mwarn[39m: Controller is fetch courses for store...
2024-11-05 10:10:13.123 [localhost] [32minfo[39m: 2024-10-18T05:52:13.081Z-thumbnail.png
2024-11-05 10:10:13.162 [localhost] [32minfo[39m: Generated presigned URL for retrieval
2024-11-05 10:10:13.165 [localhost] [32minfo[39m: 2024-11-04T04:29:04.583Z-thumbnail.png
2024-11-05 10:10:13.174 [localhost] [32minfo[39m: Generated presigned URL for retrieval
2024-11-05 10:14:29.768 [localhost] [33mwarn[39m: Controller is fetch courses for store...
2024-11-05 10:14:29.868 [localhost] [32minfo[39m: 2024-10-07T08:02:55.290Z-thumbnail.png
2024-11-05 10:14:29.887 [localhost] [32minfo[39m: Generated presigned URL for retrieval
2024-11-05 10:14:29.891 [localhost] [32minfo[39m: 2024-10-29T03:33:25.722Z-thumbnail.png
2024-11-05 10:14:29.906 [localhost] [32minfo[39m: Generated presigned URL for retrieval
2024-11-05 10:14:29.909 [localhost] [32minfo[39m: 2024-10-30T06:19:00.058Z-thumbnail.png
2024-11-05 10:14:29.922 [localhost] [32minfo[39m: Generated presigned URL for retrieval
2024-11-05 10:14:29.926 [localhost] [32minfo[39m: wallpaperflare.com_wallpaper (6).jpg
2024-11-05 10:14:29.940 [localhost] [32minfo[39m: Generated presigned URL for retrieval
2024-11-05 10:14:37.341 [localhost] [33mwarn[39m: Controller is fetch courses for store...
2024-11-05 10:14:37.400 [localhost] [32minfo[39m: 2024-11-04T04:29:04.583Z-thumbnail.png
2024-11-05 10:14:37.446 [localhost] [32minfo[39m: Generated presigned URL for retrieval
2024-11-05 10:14:37.451 [localhost] [32minfo[39m: 2024-10-18T05:52:13.081Z-thumbnail.png
2024-11-05 10:14:37.467 [localhost] [32minfo[39m: Generated presigned URL for retrieval
2024-11-05 10:14:57.115 [localhost] [33mwarn[39m: Controller is fetch courses for store...
2024-11-05 10:15:01.905 [localhost] [33mwarn[39m: Controller is fetch courses for store...
2024-11-05 10:15:01.963 [localhost] [32minfo[39m: 2024-10-18T05:52:13.081Z-thumbnail.png
2024-11-05 10:15:01.989 [localhost] [32minfo[39m: Generated presigned URL for retrieval
2024-11-05 10:15:02.000 [localhost] [32minfo[39m: 2024-11-04T04:29:04.583Z-thumbnail.png
2024-11-05 10:15:02.044 [localhost] [32minfo[39m: Generated presigned URL for retrieval
2024-11-05 10:15:55.842 [localhost] [33mwarn[39m: Controller is fetch courses for store...
2024-11-05 10:15:55.880 [localhost] [32minfo[39m: 2024-10-18T05:52:13.081Z-thumbnail.png
2024-11-05 10:15:55.905 [localhost] [32minfo[39m: Generated presigned URL for retrieval
2024-11-05 10:15:55.911 [localhost] [32minfo[39m: 2024-11-04T04:29:04.583Z-thumbnail.png
2024-11-05 10:15:55.924 [localhost] [32minfo[39m: Generated presigned URL for retrieval
2024-11-05 10:16:05.556 [localhost] [33mwarn[39m: Controller is fetch courses for store...
2024-11-05 10:16:05.781 [localhost] [32minfo[39m: 2024-10-29T03:33:25.722Z-thumbnail.png
2024-11-05 10:16:05.888 [localhost] [32minfo[39m: Generated presigned URL for retrieval
2024-11-05 10:16:05.892 [localhost] [32minfo[39m: 2024-10-30T06:19:00.058Z-thumbnail.png
2024-11-05 10:16:05.927 [localhost] [32minfo[39m: Generated presigned URL for retrieval
2024-11-05 10:16:05.934 [localhost] [32minfo[39m: wallpaperflare.com_wallpaper (6).jpg
2024-11-05 10:16:05.953 [localhost] [32minfo[39m: Generated presigned URL for retrieval
2024-11-05 10:16:05.961 [localhost] [32minfo[39m: 2024-10-07T08:02:55.290Z-thumbnail.png
2024-11-05 10:16:05.973 [localhost] [32minfo[39m: Generated presigned URL for retrieval
2024-11-05 10:16:16.346 [localhost] [33mwarn[39m: Controller is fetch courses for store...
2024-11-05 10:16:16.495 [localhost] [32minfo[39m: 2024-10-29T03:33:25.722Z-thumbnail.png
2024-11-05 10:16:16.507 [localhost] [32minfo[39m: Generated presigned URL for retrieval
2024-11-05 10:16:16.509 [localhost] [32minfo[39m: 2024-10-30T06:19:00.058Z-thumbnail.png
2024-11-05 10:16:16.524 [localhost] [32minfo[39m: Generated presigned URL for retrieval
2024-11-05 10:16:16.527 [localhost] [32minfo[39m: wallpaperflare.com_wallpaper (6).jpg
2024-11-05 10:16:16.536 [localhost] [32minfo[39m: Generated presigned URL for retrieval
2024-11-05 10:16:16.543 [localhost] [32minfo[39m: 2024-10-07T08:02:55.290Z-thumbnail.png
2024-11-05 10:16:16.552 [localhost] [32minfo[39m: Generated presigned URL for retrieval
2024-11-05 10:16:23.010 [localhost] [33mwarn[39m: Controller is fetch courses for store...
2024-11-05 10:16:23.127 [localhost] [32minfo[39m: 2024-10-29T03:33:25.722Z-thumbnail.png
2024-11-05 10:16:23.141 [localhost] [32minfo[39m: Generated presigned URL for retrieval
2024-11-05 10:16:23.147 [localhost] [32minfo[39m: 2024-10-30T06:19:00.058Z-thumbnail.png
2024-11-05 10:16:23.165 [localhost] [32minfo[39m: Generated presigned URL for retrieval
2024-11-05 10:16:23.168 [localhost] [32minfo[39m: wallpaperflare.com_wallpaper (6).jpg
2024-11-05 10:16:23.188 [localhost] [32minfo[39m: Generated presigned URL for retrieval
2024-11-05 10:16:23.192 [localhost] [32minfo[39m: 2024-10-07T08:02:55.290Z-thumbnail.png
2024-11-05 10:16:23.203 [localhost] [32minfo[39m: Generated presigned URL for retrieval
2024-11-05 10:16:36.745 [localhost] [33mwarn[39m: Controller is fetch courses for store...
2024-11-05 10:16:36.855 [localhost] [32minfo[39m: 2024-10-29T03:33:25.722Z-thumbnail.png
2024-11-05 10:16:36.876 [localhost] [32minfo[39m: Generated presigned URL for retrieval
2024-11-05 10:16:36.888 [localhost] [32minfo[39m: wallpaperflare.com_wallpaper (6).jpg
2024-11-05 10:16:36.912 [localhost] [32minfo[39m: Generated presigned URL for retrieval
2024-11-05 10:16:36.919 [localhost] [32minfo[39m: 2024-10-07T08:02:55.290Z-thumbnail.png
2024-11-05 10:16:36.943 [localhost] [32minfo[39m: Generated presigned URL for retrieval
2024-11-05 10:16:36.947 [localhost] [32minfo[39m: 2024-10-30T06:19:00.058Z-thumbnail.png
2024-11-05 10:16:36.971 [localhost] [32minfo[39m: Generated presigned URL for retrieval
2024-11-05 10:16:44.975 [localhost] [33mwarn[39m: Controller is fetch courses for store...
2024-11-05 10:16:45.072 [localhost] [32minfo[39m: 2024-10-29T03:33:25.722Z-thumbnail.png
2024-11-05 10:16:45.080 [localhost] [32minfo[39m: Generated presigned URL for retrieval
2024-11-05 10:16:45.086 [localhost] [32minfo[39m: 2024-10-30T06:19:00.058Z-thumbnail.png
2024-11-05 10:16:45.098 [localhost] [32minfo[39m: Generated presigned URL for retrieval
2024-11-05 10:16:45.100 [localhost] [32minfo[39m: wallpaperflare.com_wallpaper (6).jpg
2024-11-05 10:16:45.112 [localhost] [32minfo[39m: Generated presigned URL for retrieval
2024-11-05 10:16:45.115 [localhost] [32minfo[39m: 2024-10-07T08:02:55.290Z-thumbnail.png
2024-11-05 10:16:45.125 [localhost] [32minfo[39m: Generated presigned URL for retrieval
2024-11-05 10:16:50.415 [localhost] [33mwarn[39m: Controller is fetch courses for store...
2024-11-05 10:16:50.526 [localhost] [32minfo[39m: 2024-10-29T03:33:25.722Z-thumbnail.png
2024-11-05 10:16:50.545 [localhost] [32minfo[39m: Generated presigned URL for retrieval
2024-11-05 10:16:50.552 [localhost] [32minfo[39m: 2024-10-30T06:19:00.058Z-thumbnail.png
2024-11-05 10:16:50.576 [localhost] [32minfo[39m: Generated presigned URL for retrieval
2024-11-05 10:16:50.584 [localhost] [32minfo[39m: wallpaperflare.com_wallpaper (6).jpg
2024-11-05 10:16:50.607 [localhost] [32minfo[39m: Generated presigned URL for retrieval
2024-11-05 10:16:50.609 [localhost] [32minfo[39m: 2024-10-07T08:02:55.290Z-thumbnail.png
2024-11-05 10:16:50.616 [localhost] [32minfo[39m: Generated presigned URL for retrieval
2024-11-05 10:16:55.629 [localhost] [33mwarn[39m: Controller is fetch courses for store...
2024-11-05 10:17:04.054 [localhost] [33mwarn[39m: Controller is fetch courses for store...
2024-11-05 10:17:05.496 [localhost] [33mwarn[39m: Controller is fetch courses for store...
2024-11-05 10:17:06.696 [localhost] [33mwarn[39m: Controller is fetch courses for store...
2024-11-05 10:19:36.844 [localhost] [33mwarn[39m: Controller is fetch courses for store...
2024-11-05 10:19:36.868 [localhost] [32minfo[39m: 2024-10-29T03:33:25.722Z-thumbnail.png
2024-11-05 10:19:36.873 [localhost] [32minfo[39m: Generated presigned URL for retrieval
2024-11-05 10:19:36.875 [localhost] [32minfo[39m: 2024-10-30T06:19:00.058Z-thumbnail.png
2024-11-05 10:19:36.877 [localhost] [32minfo[39m: Generated presigned URL for retrieval
2024-11-05 10:19:36.878 [localhost] [32minfo[39m: wallpaperflare.com_wallpaper (6).jpg
2024-11-05 10:19:36.885 [localhost] [32minfo[39m: Generated presigned URL for retrieval
2024-11-05 10:19:36.886 [localhost] [32minfo[39m: 2024-10-07T08:02:55.290Z-thumbnail.png
2024-11-05 10:19:36.892 [localhost] [32minfo[39m: Generated presigned URL for retrieval
2024-11-05 10:19:42.835 [localhost] [33mwarn[39m: Controller is fetch courses for store...
2024-11-05 10:19:42.866 [localhost] [32minfo[39m: 2024-10-29T03:33:25.722Z-thumbnail.png
2024-11-05 10:19:42.874 [localhost] [32minfo[39m: Generated presigned URL for retrieval
2024-11-05 10:19:42.879 [localhost] [32minfo[39m: 2024-10-30T06:19:00.058Z-thumbnail.png
2024-11-05 10:19:42.887 [localhost] [32minfo[39m: Generated presigned URL for retrieval
2024-11-05 10:19:42.889 [localhost] [32minfo[39m: wallpaperflare.com_wallpaper (6).jpg
2024-11-05 10:19:42.896 [localhost] [32minfo[39m: Generated presigned URL for retrieval
2024-11-05 10:19:42.900 [localhost] [32minfo[39m: 2024-10-07T08:02:55.290Z-thumbnail.png
2024-11-05 10:19:42.906 [localhost] [32minfo[39m: Generated presigned URL for retrieval
2024-11-05 10:19:44.840 [localhost] [33mwarn[39m: Controller is fetch courses for store...
2024-11-05 10:19:44.891 [localhost] [32minfo[39m: 2024-10-29T03:33:25.722Z-thumbnail.png
2024-11-05 10:19:44.900 [localhost] [32minfo[39m: Generated presigned URL for retrieval
2024-11-05 10:19:44.903 [localhost] [32minfo[39m: 2024-10-30T06:19:00.058Z-thumbnail.png
2024-11-05 10:19:44.914 [localhost] [32minfo[39m: Generated presigned URL for retrieval
2024-11-05 10:19:44.916 [localhost] [32minfo[39m: wallpaperflare.com_wallpaper (6).jpg
2024-11-05 10:19:44.937 [localhost] [32minfo[39m: Generated presigned URL for retrieval
2024-11-05 10:19:44.965 [localhost] [32minfo[39m: 2024-10-07T08:02:55.290Z-thumbnail.png
2024-11-05 10:19:44.984 [localhost] [32minfo[39m: Generated presigned URL for retrieval
2024-11-05 10:19:57.837 [localhost] [33mwarn[39m: Controller is fetch courses for store...
2024-11-05 10:19:57.866 [localhost] [32minfo[39m: 2024-10-29T03:33:25.722Z-thumbnail.png
2024-11-05 10:19:57.874 [localhost] [32minfo[39m: Generated presigned URL for retrieval
2024-11-05 10:19:57.879 [localhost] [32minfo[39m: 2024-10-30T06:19:00.058Z-thumbnail.png
2024-11-05 10:19:57.892 [localhost] [32minfo[39m: Generated presigned URL for retrieval
2024-11-05 10:19:57.894 [localhost] [32minfo[39m: wallpaperflare.com_wallpaper (6).jpg
2024-11-05 10:19:57.904 [localhost] [32minfo[39m: Generated presigned URL for retrieval
2024-11-05 10:19:57.908 [localhost] [32minfo[39m: 2024-10-07T08:02:55.290Z-thumbnail.png
2024-11-05 10:19:57.918 [localhost] [32minfo[39m: Generated presigned URL for retrieval
2024-11-05 10:20:10.829 [localhost] [33mwarn[39m: Controller is fetch courses for store...
2024-11-05 10:20:10.854 [localhost] [32minfo[39m: 2024-10-29T03:33:25.722Z-thumbnail.png
2024-11-05 10:20:10.866 [localhost] [32minfo[39m: Generated presigned URL for retrieval
2024-11-05 10:20:10.868 [localhost] [32minfo[39m: 2024-10-30T06:19:00.058Z-thumbnail.png
2024-11-05 10:20:10.880 [localhost] [32minfo[39m: Generated presigned URL for retrieval
2024-11-05 10:20:10.881 [localhost] [32minfo[39m: wallpaperflare.com_wallpaper (6).jpg
2024-11-05 10:20:10.894 [localhost] [32minfo[39m: Generated presigned URL for retrieval
2024-11-05 10:20:10.896 [localhost] [32minfo[39m: 2024-10-07T08:02:55.290Z-thumbnail.png
2024-11-05 10:20:10.905 [localhost] [32minfo[39m: Generated presigned URL for retrieval
2024-11-05 10:20:24.825 [localhost] [33mwarn[39m: Controller is fetch courses for store...
2024-11-05 10:20:24.868 [localhost] [32minfo[39m: 2024-10-29T03:33:25.722Z-thumbnail.png
2024-11-05 10:20:24.881 [localhost] [32minfo[39m: Generated presigned URL for retrieval
2024-11-05 10:20:24.886 [localhost] [32minfo[39m: 2024-10-30T06:19:00.058Z-thumbnail.png
2024-11-05 10:20:24.900 [localhost] [32minfo[39m: Generated presigned URL for retrieval
2024-11-05 10:20:24.912 [localhost] [32minfo[39m: wallpaperflare.com_wallpaper (6).jpg
2024-11-05 10:20:24.921 [localhost] [32minfo[39m: Generated presigned URL for retrieval
2024-11-05 10:20:24.924 [localhost] [32minfo[39m: 2024-10-07T08:02:55.290Z-thumbnail.png
2024-11-05 10:20:24.931 [localhost] [32minfo[39m: Generated presigned URL for retrieval
2024-11-05 10:21:19.837 [localhost] [33mwarn[39m: Controller is fetch courses for store...
2024-11-05 10:21:19.885 [localhost] [32minfo[39m: 2024-10-29T03:33:25.722Z-thumbnail.png
2024-11-05 10:21:19.899 [localhost] [32minfo[39m: Generated presigned URL for retrieval
2024-11-05 10:21:19.903 [localhost] [32minfo[39m: 2024-10-30T06:19:00.058Z-thumbnail.png
2024-11-05 10:21:19.917 [localhost] [32minfo[39m: Generated presigned URL for retrieval
2024-11-05 10:21:19.921 [localhost] [32minfo[39m: wallpaperflare.com_wallpaper (6).jpg
2024-11-05 10:21:19.933 [localhost] [32minfo[39m: Generated presigned URL for retrieval
2024-11-05 10:21:19.943 [localhost] [32minfo[39m: 2024-10-07T08:02:55.290Z-thumbnail.png
2024-11-05 10:21:19.951 [localhost] [32minfo[39m: Generated presigned URL for retrieval
2024-11-05 10:21:36.831 [localhost] [33mwarn[39m: Controller is fetch courses for store...
2024-11-05 10:21:36.848 [localhost] [32minfo[39m: 2024-10-29T03:33:25.722Z-thumbnail.png
2024-11-05 10:21:36.855 [localhost] [32minfo[39m: Generated presigned URL for retrieval
2024-11-05 10:21:36.858 [localhost] [32minfo[39m: 2024-10-30T06:19:00.058Z-thumbnail.png
2024-11-05 10:21:36.866 [localhost] [32minfo[39m: Generated presigned URL for retrieval
2024-11-05 10:21:36.868 [localhost] [32minfo[39m: wallpaperflare.com_wallpaper (6).jpg
2024-11-05 10:21:36.875 [localhost] [32minfo[39m: Generated presigned URL for retrieval
2024-11-05 10:21:36.876 [localhost] [32minfo[39m: 2024-10-07T08:02:55.290Z-thumbnail.png
2024-11-05 10:21:36.886 [localhost] [32minfo[39m: Generated presigned URL for retrieval
2024-11-05 10:21:48.905 [localhost] [33mwarn[39m: Controller is fetch courses for store...
2024-11-05 10:21:48.994 [localhost] [32minfo[39m: 2024-10-18T05:52:13.081Z-thumbnail.png
2024-11-05 10:21:49.006 [localhost] [32minfo[39m: Generated presigned URL for retrieval
2024-11-05 10:21:49.008 [localhost] [32minfo[39m: 2024-11-04T04:29:04.583Z-thumbnail.png
2024-11-05 10:21:49.015 [localhost] [32minfo[39m: Generated presigned URL for retrieval
2024-11-05 10:21:56.312 [localhost] [33mwarn[39m: Controller is fetch courses for store...
2024-11-05 10:22:01.146 [localhost] [33mwarn[39m: Controller is fetch courses for store...
2024-11-05 10:22:01.259 [localhost] [32minfo[39m: 2024-10-18T05:52:13.081Z-thumbnail.png
2024-11-05 10:22:01.301 [localhost] [32minfo[39m: Generated presigned URL for retrieval
2024-11-05 10:22:01.368 [localhost] [32minfo[39m: 2024-11-04T04:29:04.583Z-thumbnail.png
2024-11-05 10:22:01.432 [localhost] [32minfo[39m: Generated presigned URL for retrieval
2024-11-05 10:22:05.144 [localhost] [33mwarn[39m: Controller is fetch courses for store...
2024-11-05 10:22:05.219 [localhost] [32minfo[39m: 2024-10-18T05:52:13.081Z-thumbnail.png
2024-11-05 10:22:05.246 [localhost] [32minfo[39m: Generated presigned URL for retrieval
2024-11-05 10:22:05.249 [localhost] [32minfo[39m: 2024-11-04T04:29:04.583Z-thumbnail.png
2024-11-05 10:22:05.254 [localhost] [32minfo[39m: Generated presigned URL for retrieval
2024-11-05 10:22:08.574 [localhost] [33mwarn[39m: Controller is fetch courses for store...
2024-11-05 10:22:08.662 [localhost] [32minfo[39m: 2024-10-18T05:52:13.081Z-thumbnail.png
2024-11-05 10:22:08.682 [localhost] [32minfo[39m: Generated presigned URL for retrieval
2024-11-05 10:22:08.688 [localhost] [32minfo[39m: 2024-11-04T04:29:04.583Z-thumbnail.png
2024-11-05 10:22:08.705 [localhost] [32minfo[39m: Generated presigned URL for retrieval
2024-11-05 10:22:10.855 [localhost] [33mwarn[39m: Controller is fetch courses for store...
2024-11-05 10:22:10.923 [localhost] [32minfo[39m: 2024-10-18T05:52:13.081Z-thumbnail.png
2024-11-05 10:22:10.931 [localhost] [32minfo[39m: Generated presigned URL for retrieval
2024-11-05 10:22:10.936 [localhost] [32minfo[39m: 2024-11-04T04:29:04.583Z-thumbnail.png
2024-11-05 10:22:10.946 [localhost] [32minfo[39m: Generated presigned URL for retrieval
2024-11-05 10:22:18.350 [localhost] [33mwarn[39m: Controller is fetch courses for store...
2024-11-05 10:22:18.433 [localhost] [32minfo[39m: 2024-10-18T05:52:13.081Z-thumbnail.png
2024-11-05 10:22:18.447 [localhost] [32minfo[39m: Generated presigned URL for retrieval
2024-11-05 10:22:18.452 [localhost] [32minfo[39m: 2024-11-04T04:29:04.583Z-thumbnail.png
2024-11-05 10:22:18.473 [localhost] [32minfo[39m: Generated presigned URL for retrieval
2024-11-05 10:22:23.638 [localhost] [33mwarn[39m: Controller is fetch courses for store...
2024-11-05 10:22:23.727 [localhost] [32minfo[39m: 2024-10-18T05:52:13.081Z-thumbnail.png
2024-11-05 10:22:23.744 [localhost] [32minfo[39m: Generated presigned URL for retrieval
2024-11-05 10:22:23.750 [localhost] [32minfo[39m: 2024-11-04T04:29:04.583Z-thumbnail.png
2024-11-05 10:22:23.765 [localhost] [32minfo[39m: Generated presigned URL for retrieval
2024-11-05 10:23:31.832 [localhost] [33mwarn[39m: Controller is fetch courses for store...
2024-11-05 10:23:31.911 [localhost] [32minfo[39m: 2024-10-18T05:52:13.081Z-thumbnail.png
2024-11-05 10:23:31.932 [localhost] [32minfo[39m: Generated presigned URL for retrieval
2024-11-05 10:23:31.939 [localhost] [32minfo[39m: 2024-11-04T04:29:04.583Z-thumbnail.png
2024-11-05 10:23:31.959 [localhost] [32minfo[39m: Generated presigned URL for retrieval
2024-11-05 10:23:32.940 [localhost] [33mwarn[39m: Controller is fetch courses for store...
2024-11-05 10:23:33.011 [localhost] [32minfo[39m: 2024-10-18T05:52:13.081Z-thumbnail.png
2024-11-05 10:23:33.025 [localhost] [32minfo[39m: Generated presigned URL for retrieval
2024-11-05 10:23:33.027 [localhost] [32minfo[39m: 2024-11-04T04:29:04.583Z-thumbnail.png
2024-11-05 10:23:33.043 [localhost] [32minfo[39m: Generated presigned URL for retrieval
2024-11-05 10:23:34.617 [localhost] [33mwarn[39m: Controller is fetch courses for store...
2024-11-05 10:23:34.663 [localhost] [32minfo[39m: 2024-10-18T05:52:13.081Z-thumbnail.png
2024-11-05 10:23:34.671 [localhost] [32minfo[39m: Generated presigned URL for retrieval
2024-11-05 10:23:34.673 [localhost] [32minfo[39m: 2024-11-04T04:29:04.583Z-thumbnail.png
2024-11-05 10:23:34.676 [localhost] [32minfo[39m: Generated presigned URL for retrieval
2024-11-05 10:23:42.730 [localhost] [33mwarn[39m: Controller is fetch courses for store...
2024-11-05 10:23:42.809 [localhost] [32minfo[39m: 2024-10-18T05:52:13.081Z-thumbnail.png
2024-11-05 10:23:42.828 [localhost] [32minfo[39m: Generated presigned URL for retrieval
2024-11-05 10:23:42.833 [localhost] [32minfo[39m: 2024-11-04T04:29:04.583Z-thumbnail.png
2024-11-05 10:23:42.849 [localhost] [32minfo[39m: Generated presigned URL for retrieval
2024-11-05 10:43:47.420 [localhost] [33mwarn[39m: Controller is fetch courses for store...
2024-11-05 10:43:47.502 [localhost] [32minfo[39m: 2024-10-30T06:19:00.058Z-thumbnail.png
2024-11-05 10:43:47.520 [localhost] [32minfo[39m: Generated presigned URL for retrieval
2024-11-05 10:43:47.523 [localhost] [32minfo[39m: wallpaperflare.com_wallpaper (6).jpg
2024-11-05 10:43:47.532 [localhost] [32minfo[39m: Generated presigned URL for retrieval
2024-11-05 10:43:47.535 [localhost] [32minfo[39m: 2024-10-07T08:02:55.290Z-thumbnail.png
2024-11-05 10:43:47.544 [localhost] [32minfo[39m: Generated presigned URL for retrieval
2024-11-05 10:43:47.546 [localhost] [32minfo[39m: 2024-10-29T03:33:25.722Z-thumbnail.png
2024-11-05 10:43:47.552 [localhost] [32minfo[39m: Generated presigned URL for retrieval
2024-11-05 10:43:54.751 [localhost] [33mwarn[39m: Controller is fetch courses for store...
2024-11-05 10:43:54.840 [localhost] [32minfo[39m: 2024-10-29T03:33:25.722Z-thumbnail.png
2024-11-05 10:43:54.847 [localhost] [32minfo[39m: Generated presigned URL for retrieval
2024-11-05 10:43:54.851 [localhost] [32minfo[39m: 2024-10-30T06:19:00.058Z-thumbnail.png
2024-11-05 10:43:54.857 [localhost] [32minfo[39m: Generated presigned URL for retrieval
2024-11-05 10:43:54.859 [localhost] [32minfo[39m: wallpaperflare.com_wallpaper (6).jpg
2024-11-05 10:43:54.863 [localhost] [32minfo[39m: Generated presigned URL for retrieval
2024-11-05 10:43:54.865 [localhost] [32minfo[39m: 2024-10-07T08:02:55.290Z-thumbnail.png
2024-11-05 10:43:54.871 [localhost] [32minfo[39m: Generated presigned URL for retrieval
2024-11-05 10:43:57.105 [localhost] [33mwarn[39m: Controller is fetch courses for store...
2024-11-05 10:43:57.209 [localhost] [32minfo[39m: 2024-10-29T03:33:25.722Z-thumbnail.png
2024-11-05 10:43:57.215 [localhost] [32minfo[39m: Generated presigned URL for retrieval
2024-11-05 10:43:57.217 [localhost] [32minfo[39m: 2024-10-30T06:19:00.058Z-thumbnail.png
2024-11-05 10:43:57.227 [localhost] [32minfo[39m: Generated presigned URL for retrieval
2024-11-05 10:43:57.231 [localhost] [32minfo[39m: wallpaperflare.com_wallpaper (6).jpg
2024-11-05 10:43:57.243 [localhost] [32minfo[39m: Generated presigned URL for retrieval
2024-11-05 10:43:57.245 [localhost] [32minfo[39m: 2024-10-07T08:02:55.290Z-thumbnail.png
2024-11-05 10:43:57.251 [localhost] [32minfo[39m: Generated presigned URL for retrieval
2024-11-05 10:43:59.264 [localhost] [33mwarn[39m: Controller is fetch courses for store...
2024-11-05 10:43:59.334 [localhost] [32minfo[39m: 2024-10-29T03:33:25.722Z-thumbnail.png
2024-11-05 10:43:59.341 [localhost] [32minfo[39m: Generated presigned URL for retrieval
2024-11-05 10:43:59.343 [localhost] [32minfo[39m: 2024-10-30T06:19:00.058Z-thumbnail.png
2024-11-05 10:43:59.354 [localhost] [32minfo[39m: Generated presigned URL for retrieval
2024-11-05 10:43:59.356 [localhost] [32minfo[39m: wallpaperflare.com_wallpaper (6).jpg
2024-11-05 10:43:59.365 [localhost] [32minfo[39m: Generated presigned URL for retrieval
2024-11-05 10:43:59.368 [localhost] [32minfo[39m: 2024-10-07T08:02:55.290Z-thumbnail.png
2024-11-05 10:43:59.376 [localhost] [32minfo[39m: Generated presigned URL for retrieval
2024-11-05 10:44:00.503 [localhost] [33mwarn[39m: Controller is fetch courses for store...
2024-11-05 10:44:00.597 [localhost] [32minfo[39m: 2024-10-29T03:33:25.722Z-thumbnail.png
2024-11-05 10:44:00.608 [localhost] [32minfo[39m: Generated presigned URL for retrieval
2024-11-05 10:44:00.610 [localhost] [32minfo[39m: 2024-10-30T06:19:00.058Z-thumbnail.png
2024-11-05 10:44:00.618 [localhost] [32minfo[39m: Generated presigned URL for retrieval
2024-11-05 10:44:00.621 [localhost] [32minfo[39m: wallpaperflare.com_wallpaper (6).jpg
2024-11-05 10:44:00.629 [localhost] [32minfo[39m: Generated presigned URL for retrieval
2024-11-05 10:44:00.632 [localhost] [32minfo[39m: 2024-10-07T08:02:55.290Z-thumbnail.png
2024-11-05 10:44:00.639 [localhost] [32minfo[39m: Generated presigned URL for retrieval
2024-11-05 10:44:05.481 [localhost] [33mwarn[39m: Controller is fetch courses for store...
2024-11-05 10:44:05.564 [localhost] [32minfo[39m: 2024-10-29T03:33:25.722Z-thumbnail.png
2024-11-05 10:44:05.579 [localhost] [32minfo[39m: Generated presigned URL for retrieval
2024-11-05 10:44:05.595 [localhost] [32minfo[39m: 2024-10-30T06:19:00.058Z-thumbnail.png
2024-11-05 10:44:05.640 [localhost] [32minfo[39m: Generated presigned URL for retrieval
2024-11-05 10:44:05.643 [localhost] [32minfo[39m: wallpaperflare.com_wallpaper (6).jpg
2024-11-05 10:44:05.653 [localhost] [32minfo[39m: Generated presigned URL for retrieval
2024-11-05 10:44:05.689 [localhost] [32minfo[39m: 2024-10-07T08:02:55.290Z-thumbnail.png
2024-11-05 10:44:05.708 [localhost] [32minfo[39m: Generated presigned URL for retrieval
2024-11-05 10:44:06.951 [localhost] [33mwarn[39m: Controller is fetch courses for store...
2024-11-05 10:44:07.071 [localhost] [32minfo[39m: 2024-10-29T03:33:25.722Z-thumbnail.png
2024-11-05 10:44:07.075 [localhost] [32minfo[39m: Generated presigned URL for retrieval
2024-11-05 10:44:07.078 [localhost] [32minfo[39m: 2024-10-30T06:19:00.058Z-thumbnail.png
2024-11-05 10:44:07.088 [localhost] [32minfo[39m: Generated presigned URL for retrieval
2024-11-05 10:44:07.092 [localhost] [32minfo[39m: wallpaperflare.com_wallpaper (6).jpg
2024-11-05 10:44:07.102 [localhost] [32minfo[39m: Generated presigned URL for retrieval
2024-11-05 10:44:07.107 [localhost] [32minfo[39m: 2024-10-07T08:02:55.290Z-thumbnail.png
2024-11-05 10:44:07.114 [localhost] [32minfo[39m: Generated presigned URL for retrieval
2024-11-05 10:44:08.851 [localhost] [33mwarn[39m: Controller is fetch courses for store...
2024-11-05 10:44:08.873 [localhost] [32minfo[39m: 2024-10-18T05:52:13.081Z-thumbnail.png
2024-11-05 10:44:08.880 [localhost] [32minfo[39m: Generated presigned URL for retrieval
2024-11-05 10:44:08.882 [localhost] [32minfo[39m: 2024-11-04T04:29:04.583Z-thumbnail.png
2024-11-05 10:44:08.885 [localhost] [32minfo[39m: Generated presigned URL for retrieval
2024-11-05 10:44:18.119 [localhost] [33mwarn[39m: Controller is fetch courses for store...
2024-11-05 10:44:18.184 [localhost] [32minfo[39m: 2024-10-18T05:52:13.081Z-thumbnail.png
2024-11-05 10:44:18.194 [localhost] [32minfo[39m: Generated presigned URL for retrieval
2024-11-05 10:44:18.195 [localhost] [32minfo[39m: 2024-11-04T04:29:04.583Z-thumbnail.png
2024-11-05 10:44:18.204 [localhost] [32minfo[39m: Generated presigned URL for retrieval
2024-11-05 10:44:19.128 [localhost] [33mwarn[39m: Controller is fetch courses for store...
2024-11-05 10:44:19.193 [localhost] [32minfo[39m: 2024-10-18T05:52:13.081Z-thumbnail.png
2024-11-05 10:44:19.202 [localhost] [32minfo[39m: Generated presigned URL for retrieval
2024-11-05 10:44:19.204 [localhost] [32minfo[39m: 2024-11-04T04:29:04.583Z-thumbnail.png
2024-11-05 10:44:19.224 [localhost] [32minfo[39m: Generated presigned URL for retrieval
2024-11-05 10:54:00.896 [localhost] [32minfo[39m: Course Service is running on http://localhost:3003
2024-11-05 10:54:00.931 [localhost] [32minfo[39m: Course Database connected
2024-11-05 10:54:01.239 [localhost] [32minfo[39m: Connected to Kafka consumer
2024-11-05 10:54:07.886 [localhost] [33mwarn[39m: Controller is fetch courses for store...
2024-11-05 10:54:12.035 [localhost] [33mwarn[39m: Controller is fetch courses for store...
2024-11-05 10:54:47.929 [localhost] [33mwarn[39m: Controller is fetch courses for store...
2024-11-05 10:54:48.820 [localhost] [33mwarn[39m: Controller is fetch courses for store...
2024-11-05 10:54:49.829 [localhost] [33mwarn[39m: Controller is fetch courses for store...
2024-11-05 10:54:50.819 [localhost] [33mwarn[39m: Controller is fetch courses for store...
2024-11-05 10:54:55.848 [localhost] [33mwarn[39m: Controller is fetch courses for store...
2024-11-05 11:00:36.860 [localhost] [33mwarn[39m: Controller is fetch courses for store...
2024-11-05 11:00:44.860 [localhost] [33mwarn[39m: Controller is fetch courses for store...
2024-11-05 11:08:16.130 [localhost] [33mwarn[39m: Controller is fetch courses for store...
2024-11-05 11:10:13.550 [localhost] [32minfo[39m: Course Service is running on http://localhost:3003
2024-11-05 11:10:13.568 [localhost] [32minfo[39m: Course Database connected
2024-11-05 11:10:13.675 [localhost] [32minfo[39m: Connected to Kafka consumer
2024-11-05 11:10:16.385 [localhost] [33mwarn[39m: Controller is fetch courses for store...
2024-11-05 11:10:16.390 [localhost] [33mwarn[39m: undefined
2024-11-05 11:10:16.490 [localhost] [32minfo[39m: 2024-10-29T03:33:25.722Z-thumbnail.png
2024-11-05 11:10:16.508 [localhost] [32minfo[39m: Generated presigned URL for retrieval
2024-11-05 11:10:16.512 [localhost] [32minfo[39m: 2024-10-30T06:19:00.058Z-thumbnail.png
2024-11-05 11:10:16.519 [localhost] [32minfo[39m: Generated presigned URL for retrieval
2024-11-05 11:10:16.522 [localhost] [32minfo[39m: wallpaperflare.com_wallpaper (6).jpg
2024-11-05 11:10:16.530 [localhost] [32minfo[39m: Generated presigned URL for retrieval
2024-11-05 11:10:16.533 [localhost] [32minfo[39m: 2024-10-07T08:02:55.290Z-thumbnail.png
2024-11-05 11:10:16.543 [localhost] [32minfo[39m: Generated presigned URL for retrieval
2024-11-05 11:10:26.939 [localhost] [33mwarn[39m: Controller is fetch courses for store...
2024-11-05 11:10:26.947 [localhost] [33mwarn[39m: Programming
2024-11-05 11:10:27.026 [localhost] [32minfo[39m: 2024-10-29T03:33:25.722Z-thumbnail.png
2024-11-05 11:10:27.032 [localhost] [32minfo[39m: Generated presigned URL for retrieval
2024-11-05 11:10:27.035 [localhost] [32minfo[39m: wallpaperflare.com_wallpaper (6).jpg
2024-11-05 11:10:27.046 [localhost] [32minfo[39m: Generated presigned URL for retrieval
2024-11-05 11:10:27.054 [localhost] [32minfo[39m: 2024-10-07T08:02:55.290Z-thumbnail.png
2024-11-05 11:10:27.061 [localhost] [32minfo[39m: Generated presigned URL for retrieval
2024-11-05 11:10:27.070 [localhost] [32minfo[39m: 2024-10-30T06:19:00.058Z-thumbnail.png
2024-11-05 11:10:27.080 [localhost] [32minfo[39m: Generated presigned URL for retrieval
2024-11-05 11:10:52.027 [localhost] [33mwarn[39m: Controller is fetch courses for store...
2024-11-05 11:10:52.029 [localhost] [33mwarn[39m: Programming,Js
2024-11-05 11:10:52.075 [localhost] [32minfo[39m: 2024-10-29T03:33:25.722Z-thumbnail.png
2024-11-05 11:10:52.089 [localhost] [32minfo[39m: Generated presigned URL for retrieval
2024-11-05 11:10:52.096 [localhost] [32minfo[39m: 2024-10-30T06:19:00.058Z-thumbnail.png
2024-11-05 11:10:52.109 [localhost] [32minfo[39m: Generated presigned URL for retrieval
2024-11-05 11:10:52.114 [localhost] [32minfo[39m: wallpaperflare.com_wallpaper (6).jpg
2024-11-05 11:10:52.124 [localhost] [32minfo[39m: Generated presigned URL for retrieval
2024-11-05 11:10:52.129 [localhost] [32minfo[39m: 2024-10-07T08:02:55.290Z-thumbnail.png
2024-11-05 11:10:52.139 [localhost] [32minfo[39m: Generated presigned URL for retrieval
2024-11-05 11:13:45.063 [localhost] [32minfo[39m: Course Service is running on http://localhost:3003
2024-11-05 11:13:45.090 [localhost] [32minfo[39m: Course Database connected
2024-11-05 11:13:45.143 [localhost] [32minfo[39m: Connected to Kafka consumer
2024-11-05 11:13:46.380 [localhost] [33mwarn[39m: Controller is fetch courses for store...
2024-11-05 11:13:46.511 [localhost] [32minfo[39m: 2024-10-30T06:19:00.058Z-thumbnail.png
2024-11-05 11:13:46.548 [localhost] [32minfo[39m: Generated presigned URL for retrieval
2024-11-05 11:13:46.551 [localhost] [32minfo[39m: 2024-10-18T05:52:13.081Z-thumbnail.png
2024-11-05 11:13:46.558 [localhost] [32minfo[39m: Generated presigned URL for retrieval
2024-11-05 11:13:47.608 [localhost] [33mwarn[39m: Controller is fetch courses for store...
2024-11-05 11:13:53.144 [localhost] [33mwarn[39m: Controller is fetch courses for store...
2024-11-05 11:13:56.996 [localhost] [33mwarn[39m: Controller is fetch courses for store...
2024-11-05 11:14:23.159 [localhost] [32minfo[39m: Course Service is running on http://localhost:3003
2024-11-05 11:14:23.181 [localhost] [32minfo[39m: Course Database connected
2024-11-05 11:14:23.238 [localhost] [32minfo[39m: Connected to Kafka consumer
2024-11-05 11:14:31.073 [localhost] [32minfo[39m: Course Service is running on http://localhost:3003
2024-11-05 11:14:31.102 [localhost] [32minfo[39m: Course Database connected
2024-11-05 11:14:31.131 [localhost] [32minfo[39m: Connected to Kafka consumer
2024-11-05 11:15:13.558 [localhost] [32minfo[39m: Course Service is running on http://localhost:3003
2024-11-05 11:15:13.578 [localhost] [32minfo[39m: Course Database connected
2024-11-05 11:15:13.605 [localhost] [32minfo[39m: Connected to Kafka consumer
2024-11-05 11:15:19.128 [localhost] [33mwarn[39m: Controller is fetch courses for store...
2024-11-05 11:15:19.255 [localhost] [32minfo[39m: 2024-10-29T03:33:25.722Z-thumbnail.png
2024-11-05 11:15:19.282 [localhost] [32minfo[39m: Generated presigned URL for retrieval
2024-11-05 11:15:19.285 [localhost] [32minfo[39m: 2024-10-30T06:19:00.058Z-thumbnail.png
2024-11-05 11:15:19.295 [localhost] [32minfo[39m: Generated presigned URL for retrieval
2024-11-05 11:15:19.298 [localhost] [32minfo[39m: wallpaperflare.com_wallpaper (6).jpg
2024-11-05 11:15:19.306 [localhost] [32minfo[39m: Generated presigned URL for retrieval
2024-11-05 11:15:19.308 [localhost] [32minfo[39m: 2024-10-07T08:02:55.290Z-thumbnail.png
2024-11-05 11:15:19.315 [localhost] [32minfo[39m: Generated presigned URL for retrieval
2024-11-05 11:15:32.643 [localhost] [33mwarn[39m: Controller is fetch courses for store...
2024-11-05 11:15:32.742 [localhost] [32minfo[39m: 2024-10-30T06:19:00.058Z-thumbnail.png
2024-11-05 11:15:32.750 [localhost] [32minfo[39m: Generated presigned URL for retrieval
2024-11-05 11:15:32.753 [localhost] [32minfo[39m: 2024-10-18T05:52:13.081Z-thumbnail.png
2024-11-05 11:15:32.761 [localhost] [32minfo[39m: Generated presigned URL for retrieval
2024-11-05 11:15:41.296 [localhost] [33mwarn[39m: Controller is fetch courses for store...
2024-11-05 11:15:41.365 [localhost] [32minfo[39m: 2024-10-29T03:33:25.722Z-thumbnail.png
2024-11-05 11:15:41.378 [localhost] [32minfo[39m: Generated presigned URL for retrieval
2024-11-05 11:15:41.385 [localhost] [32minfo[39m: 2024-10-30T06:19:00.058Z-thumbnail.png
2024-11-05 11:15:41.401 [localhost] [32minfo[39m: Generated presigned URL for retrieval
2024-11-05 11:15:41.404 [localhost] [32minfo[39m: wallpaperflare.com_wallpaper (6).jpg
2024-11-05 11:15:41.449 [localhost] [32minfo[39m: Generated presigned URL for retrieval
2024-11-05 11:15:41.469 [localhost] [32minfo[39m: 2024-10-07T08:02:55.290Z-thumbnail.png
2024-11-05 11:15:41.501 [localhost] [32minfo[39m: Generated presigned URL for retrieval
2024-11-05 11:15:53.950 [localhost] [33mwarn[39m: Controller is fetch courses for store...
2024-11-05 11:15:54.009 [localhost] [32minfo[39m: 2024-10-18T05:52:13.081Z-thumbnail.png
2024-11-05 11:15:54.015 [localhost] [32minfo[39m: Generated presigned URL for retrieval
2024-11-05 11:15:54.017 [localhost] [32minfo[39m: 2024-11-04T04:29:04.583Z-thumbnail.png
2024-11-05 11:15:54.028 [localhost] [32minfo[39m: Generated presigned URL for retrieval
2024-11-05 11:16:10.474 [localhost] [33mwarn[39m: Controller is fetch courses for store...
2024-11-05 11:16:10.654 [localhost] [32minfo[39m: 2024-10-18T05:52:13.081Z-thumbnail.png
2024-11-05 11:16:10.659 [localhost] [32minfo[39m: Generated presigned URL for retrieval
2024-11-05 11:16:10.660 [localhost] [32minfo[39m: 2024-11-04T04:29:04.583Z-thumbnail.png
2024-11-05 11:16:10.667 [localhost] [32minfo[39m: Generated presigned URL for retrieval
2024-11-05 11:16:18.988 [localhost] [33mwarn[39m: Controller is fetch courses for store...
2024-11-05 11:16:19.093 [localhost] [32minfo[39m: 2024-10-18T05:52:13.081Z-thumbnail.png
2024-11-05 11:16:19.101 [localhost] [32minfo[39m: Generated presigned URL for retrieval
2024-11-05 11:16:19.103 [localhost] [32minfo[39m: 2024-11-04T04:29:04.583Z-thumbnail.png
2024-11-05 11:16:19.115 [localhost] [32minfo[39m: Generated presigned URL for retrieval
2024-11-05 11:16:28.617 [localhost] [33mwarn[39m: Controller is fetch courses for store...
2024-11-05 11:16:28.697 [localhost] [32minfo[39m: 2024-10-29T03:33:25.722Z-thumbnail.png
2024-11-05 11:16:28.704 [localhost] [32minfo[39m: Generated presigned URL for retrieval
2024-11-05 11:16:28.706 [localhost] [32minfo[39m: 2024-10-30T06:19:00.058Z-thumbnail.png
2024-11-05 11:16:28.712 [localhost] [32minfo[39m: Generated presigned URL for retrieval
2024-11-05 11:16:28.714 [localhost] [32minfo[39m: wallpaperflare.com_wallpaper (6).jpg
2024-11-05 11:16:28.727 [localhost] [32minfo[39m: Generated presigned URL for retrieval
2024-11-05 11:16:28.731 [localhost] [32minfo[39m: 2024-10-07T08:02:55.290Z-thumbnail.png
2024-11-05 11:16:28.739 [localhost] [32minfo[39m: Generated presigned URL for retrieval
2024-11-05 11:16:35.630 [localhost] [33mwarn[39m: Controller is fetch courses for store...
2024-11-05 11:16:35.726 [localhost] [32minfo[39m: 2024-11-04T04:29:04.583Z-thumbnail.png
2024-11-05 11:16:35.733 [localhost] [32minfo[39m: Generated presigned URL for retrieval
2024-11-05 11:16:35.736 [localhost] [32minfo[39m: 2024-10-18T05:52:13.081Z-thumbnail.png
2024-11-05 11:16:35.744 [localhost] [32minfo[39m: Generated presigned URL for retrieval
2024-11-05 11:16:47.977 [localhost] [33mwarn[39m: Controller is fetch courses for store...
2024-11-05 11:16:48.150 [localhost] [32minfo[39m: 2024-10-18T05:52:13.081Z-thumbnail.png
2024-11-05 11:16:48.154 [localhost] [32minfo[39m: Generated presigned URL for retrieval
2024-11-05 11:16:49.611 [localhost] [33mwarn[39m: Controller is fetch courses for store...
2024-11-05 11:16:49.701 [localhost] [32minfo[39m: 2024-11-04T04:29:04.583Z-thumbnail.png
2024-11-05 11:16:49.709 [localhost] [32minfo[39m: Generated presigned URL for retrieval
2024-11-05 11:16:49.711 [localhost] [32minfo[39m: 2024-10-18T05:52:13.081Z-thumbnail.png
2024-11-05 11:16:49.720 [localhost] [32minfo[39m: Generated presigned URL for retrieval
2024-11-05 11:16:50.764 [localhost] [33mwarn[39m: Controller is fetch courses for store...
2024-11-05 11:16:50.829 [localhost] [32minfo[39m: 2024-11-04T04:29:04.583Z-thumbnail.png
2024-11-05 11:16:50.841 [localhost] [32minfo[39m: Generated presigned URL for retrieval
2024-11-05 11:16:51.662 [localhost] [33mwarn[39m: Controller is fetch courses for store...
2024-11-05 11:16:51.719 [localhost] [32minfo[39m: 2024-11-04T04:29:04.583Z-thumbnail.png
2024-11-05 11:16:51.729 [localhost] [32minfo[39m: Generated presigned URL for retrieval
2024-11-05 11:16:51.732 [localhost] [32minfo[39m: 2024-10-18T05:52:13.081Z-thumbnail.png
2024-11-05 11:16:51.737 [localhost] [32minfo[39m: Generated presigned URL for retrieval
2024-11-05 11:16:56.198 [localhost] [33mwarn[39m: Controller is fetch courses for store...
2024-11-05 11:16:56.248 [localhost] [32minfo[39m: 2024-11-04T04:29:04.583Z-thumbnail.png
2024-11-05 11:16:56.256 [localhost] [32minfo[39m: Generated presigned URL for retrieval
2024-11-05 11:16:56.260 [localhost] [32minfo[39m: 2024-10-18T05:52:13.081Z-thumbnail.png
2024-11-05 11:16:56.268 [localhost] [32minfo[39m: Generated presigned URL for retrieval
2024-11-05 11:16:59.817 [localhost] [33mwarn[39m: Controller is fetch courses for store...
2024-11-05 11:16:59.894 [localhost] [32minfo[39m: 2024-11-04T04:29:04.583Z-thumbnail.png
2024-11-05 11:16:59.904 [localhost] [32minfo[39m: Generated presigned URL for retrieval
2024-11-05 11:16:59.906 [localhost] [32minfo[39m: 2024-10-18T05:52:13.081Z-thumbnail.png
2024-11-05 11:16:59.912 [localhost] [32minfo[39m: Generated presigned URL for retrieval
2024-11-05 11:17:03.823 [localhost] [33mwarn[39m: Controller is fetch courses for store...
2024-11-05 11:17:03.900 [localhost] [32minfo[39m: 2024-10-30T06:19:00.058Z-thumbnail.png
2024-11-05 11:17:03.908 [localhost] [32minfo[39m: Generated presigned URL for retrieval
2024-11-05 11:17:03.920 [localhost] [32minfo[39m: 2024-10-07T08:02:55.290Z-thumbnail.png
2024-11-05 11:17:03.932 [localhost] [32minfo[39m: Generated presigned URL for retrieval
2024-11-05 11:17:03.935 [localhost] [32minfo[39m: wallpaperflare.com_wallpaper (6).jpg
2024-11-05 11:17:03.974 [localhost] [32minfo[39m: Generated presigned URL for retrieval
2024-11-05 11:17:03.976 [localhost] [32minfo[39m: 2024-10-29T03:33:25.722Z-thumbnail.png
2024-11-05 11:17:03.996 [localhost] [32minfo[39m: Generated presigned URL for retrieval
2024-11-05 11:17:19.606 [localhost] [33mwarn[39m: Controller is fetch courses for store...
2024-11-05 11:17:19.693 [localhost] [32minfo[39m: 2024-10-18T05:52:13.081Z-thumbnail.png
2024-11-05 11:17:19.703 [localhost] [32minfo[39m: Generated presigned URL for retrieval
2024-11-05 11:17:19.707 [localhost] [32minfo[39m: 2024-11-04T04:29:04.583Z-thumbnail.png
2024-11-05 11:17:19.713 [localhost] [32minfo[39m: Generated presigned URL for retrieval
2024-11-05 11:25:19.095 [localhost] [32minfo[39m: Course Service is running on http://localhost:3003
2024-11-05 11:25:19.129 [localhost] [32minfo[39m: Course Database connected
2024-11-05 11:25:19.221 [localhost] [32minfo[39m: Connected to Kafka consumer
2024-11-05 11:26:58.745 [localhost] [33mwarn[39m: Controller is fetch courses for store...
2024-11-05 11:26:58.850 [localhost] [32minfo[39m: 2024-10-30T06:19:00.058Z-thumbnail.png
2024-11-05 11:26:58.899 [localhost] [32minfo[39m: Generated presigned URL for retrieval
2024-11-05 11:26:58.902 [localhost] [32minfo[39m: 2024-10-29T03:33:25.722Z-thumbnail.png
2024-11-05 11:26:58.922 [localhost] [32minfo[39m: Generated presigned URL for retrieval
2024-11-05 11:26:58.993 [localhost] [32minfo[39m: wallpaperflare.com_wallpaper (6).jpg
2024-11-05 11:26:59.026 [localhost] [32minfo[39m: Generated presigned URL for retrieval
2024-11-05 11:26:59.033 [localhost] [32minfo[39m: 2024-10-07T08:02:55.290Z-thumbnail.png
2024-11-05 11:26:59.060 [localhost] [32minfo[39m: Generated presigned URL for retrieval
2024-11-05 11:27:02.158 [localhost] [33mwarn[39m: Controller is fetch courses for store...
2024-11-05 11:27:02.202 [localhost] [32minfo[39m: 2024-10-18T05:52:13.081Z-thumbnail.png
2024-11-05 11:27:02.214 [localhost] [32minfo[39m: Generated presigned URL for retrieval
2024-11-05 11:27:02.216 [localhost] [32minfo[39m: 2024-11-04T04:29:04.583Z-thumbnail.png
2024-11-05 11:27:02.224 [localhost] [32minfo[39m: Generated presigned URL for retrieval
2024-11-05 11:27:09.566 [localhost] [33mwarn[39m: Controller is fetch courses for store...
2024-11-05 11:27:10.688 [localhost] [33mwarn[39m: Controller is fetch courses for store...
2024-11-05 11:27:10.768 [localhost] [32minfo[39m: 2024-10-18T05:52:13.081Z-thumbnail.png
2024-11-05 11:27:10.785 [localhost] [32minfo[39m: Generated presigned URL for retrieval
2024-11-05 11:27:10.810 [localhost] [32minfo[39m: 2024-11-04T04:29:04.583Z-thumbnail.png
2024-11-05 11:27:10.874 [localhost] [32minfo[39m: Generated presigned URL for retrieval
2024-11-05 11:27:12.810 [localhost] [33mwarn[39m: Controller is fetch courses for store...
2024-11-05 11:27:13.703 [localhost] [33mwarn[39m: Controller is fetch courses for store...
2024-11-05 11:27:13.763 [localhost] [32minfo[39m: 2024-10-18T05:52:13.081Z-thumbnail.png
2024-11-05 11:27:13.774 [localhost] [32minfo[39m: Generated presigned URL for retrieval
2024-11-05 11:27:13.778 [localhost] [32minfo[39m: 2024-11-04T04:29:04.583Z-thumbnail.png
2024-11-05 11:27:13.798 [localhost] [32minfo[39m: Generated presigned URL for retrieval
2024-11-05 11:27:14.616 [localhost] [33mwarn[39m: Controller is fetch courses for store...
2024-11-05 11:27:16.747 [localhost] [33mwarn[39m: Controller is fetch courses for store...
2024-11-05 11:27:16.787 [localhost] [32minfo[39m: 2024-10-18T05:52:13.081Z-thumbnail.png
2024-11-05 11:27:16.799 [localhost] [32minfo[39m: Generated presigned URL for retrieval
2024-11-05 11:27:16.811 [localhost] [32minfo[39m: 2024-11-04T04:29:04.583Z-thumbnail.png
2024-11-05 11:27:16.829 [localhost] [32minfo[39m: Generated presigned URL for retrieval
2024-11-05 11:27:54.197 [localhost] [33mwarn[39m: Controller is fetch courses for store...
2024-11-05 11:27:54.274 [localhost] [32minfo[39m: 2024-10-29T03:33:25.722Z-thumbnail.png
2024-11-05 11:27:54.282 [localhost] [32minfo[39m: Generated presigned URL for retrieval
2024-11-05 11:27:54.285 [localhost] [32minfo[39m: 2024-10-30T06:19:00.058Z-thumbnail.png
2024-11-05 11:27:54.293 [localhost] [32minfo[39m: Generated presigned URL for retrieval
2024-11-05 11:27:54.297 [localhost] [32minfo[39m: wallpaperflare.com_wallpaper (6).jpg
2024-11-05 11:27:54.308 [localhost] [32minfo[39m: Generated presigned URL for retrieval
2024-11-05 11:27:54.311 [localhost] [32minfo[39m: 2024-10-07T08:02:55.290Z-thumbnail.png
2024-11-05 11:27:54.321 [localhost] [32minfo[39m: Generated presigned URL for retrieval
2024-11-05 11:28:09.700 [localhost] [33mwarn[39m: Controller is fetch courses for store...
2024-11-05 11:28:09.763 [localhost] [32minfo[39m: 2024-10-18T05:52:13.081Z-thumbnail.png
2024-11-05 11:28:09.777 [localhost] [32minfo[39m: Generated presigned URL for retrieval
2024-11-05 11:28:09.780 [localhost] [32minfo[39m: 2024-11-04T04:29:04.583Z-thumbnail.png
2024-11-05 11:28:09.795 [localhost] [32minfo[39m: Generated presigned URL for retrieval
2024-11-05 11:30:46.310 [localhost] [33mwarn[39m: Controller is fetch courses for store...
2024-11-05 11:30:46.360 [localhost] [32minfo[39m: 2024-10-29T03:33:25.722Z-thumbnail.png
2024-11-05 11:30:46.368 [localhost] [32minfo[39m: Generated presigned URL for retrieval
2024-11-05 11:30:46.370 [localhost] [32minfo[39m: 2024-10-30T06:19:00.058Z-thumbnail.png
2024-11-05 11:30:46.377 [localhost] [32minfo[39m: Generated presigned URL for retrieval
2024-11-05 11:30:46.380 [localhost] [32minfo[39m: wallpaperflare.com_wallpaper (6).jpg
2024-11-05 11:30:46.385 [localhost] [32minfo[39m: Generated presigned URL for retrieval
2024-11-05 11:30:46.388 [localhost] [32minfo[39m: 2024-10-07T08:02:55.290Z-thumbnail.png
2024-11-05 11:30:46.395 [localhost] [32minfo[39m: Generated presigned URL for retrieval
2024-11-05 11:30:52.384 [localhost] [33mwarn[39m: Controller is fetch courses for store...
2024-11-05 11:30:52.432 [localhost] [32minfo[39m: 2024-10-18T05:52:13.081Z-thumbnail.png
2024-11-05 11:30:52.448 [localhost] [32minfo[39m: Generated presigned URL for retrieval
2024-11-05 11:30:52.453 [localhost] [32minfo[39m: 2024-11-04T04:29:04.583Z-thumbnail.png
2024-11-05 11:30:52.477 [localhost] [32minfo[39m: Generated presigned URL for retrieval
2024-11-05 11:31:01.507 [localhost] [33mwarn[39m: Controller is fetch courses for store...
2024-11-05 11:31:01.617 [localhost] [32minfo[39m: 2024-10-29T03:33:25.722Z-thumbnail.png
2024-11-05 11:31:01.627 [localhost] [32minfo[39m: Generated presigned URL for retrieval
2024-11-05 11:31:01.633 [localhost] [32minfo[39m: 2024-10-30T06:19:00.058Z-thumbnail.png
2024-11-05 11:31:01.643 [localhost] [32minfo[39m: Generated presigned URL for retrieval
2024-11-05 11:31:01.648 [localhost] [32minfo[39m: wallpaperflare.com_wallpaper (6).jpg
2024-11-05 11:31:01.656 [localhost] [32minfo[39m: Generated presigned URL for retrieval
2024-11-05 11:31:01.659 [localhost] [32minfo[39m: 2024-10-07T08:02:55.290Z-thumbnail.png
2024-11-05 11:31:01.670 [localhost] [32minfo[39m: Generated presigned URL for retrieval
2024-11-05 11:31:07.581 [localhost] [33mwarn[39m: Controller is fetch courses for store...
2024-11-05 11:31:07.642 [localhost] [32minfo[39m: 2024-10-18T05:52:13.081Z-thumbnail.png
2024-11-05 11:31:07.660 [localhost] [32minfo[39m: Generated presigned URL for retrieval
2024-11-05 11:31:07.666 [localhost] [32minfo[39m: 2024-11-04T04:29:04.583Z-thumbnail.png
2024-11-05 11:31:07.674 [localhost] [32minfo[39m: Generated presigned URL for retrieval
2024-11-05 11:31:47.028 [localhost] [33mwarn[39m: Controller is fetch courses for store...
2024-11-05 11:31:47.086 [localhost] [32minfo[39m: 2024-10-29T03:33:25.722Z-thumbnail.png
2024-11-05 11:31:47.091 [localhost] [32minfo[39m: Generated presigned URL for retrieval
2024-11-05 11:31:47.094 [localhost] [32minfo[39m: 2024-10-30T06:19:00.058Z-thumbnail.png
2024-11-05 11:31:47.101 [localhost] [32minfo[39m: Generated presigned URL for retrieval
2024-11-05 11:31:47.106 [localhost] [32minfo[39m: wallpaperflare.com_wallpaper (6).jpg
2024-11-05 11:31:47.119 [localhost] [32minfo[39m: Generated presigned URL for retrieval
2024-11-05 11:31:47.122 [localhost] [32minfo[39m: 2024-10-07T08:02:55.290Z-thumbnail.png
2024-11-05 11:31:47.132 [localhost] [32minfo[39m: Generated presigned URL for retrieval
2024-11-05 11:31:58.855 [localhost] [33mwarn[39m: Controller is fetch courses for store...
2024-11-05 11:31:58.883 [localhost] [32minfo[39m: 2024-10-18T05:52:13.081Z-thumbnail.png
2024-11-05 11:31:58.894 [localhost] [32minfo[39m: Generated presigned URL for retrieval
2024-11-05 11:31:58.898 [localhost] [32minfo[39m: 2024-11-04T04:29:04.583Z-thumbnail.png
2024-11-05 11:31:58.908 [localhost] [32minfo[39m: Generated presigned URL for retrieval
2024-11-05 11:32:07.330 [localhost] [33mwarn[39m: Controller is fetch courses for store...
2024-11-05 11:32:07.368 [localhost] [32minfo[39m: 2024-10-29T03:33:25.722Z-thumbnail.png
2024-11-05 11:32:07.375 [localhost] [32minfo[39m: Generated presigned URL for retrieval
2024-11-05 11:32:07.378 [localhost] [32minfo[39m: 2024-10-30T06:19:00.058Z-thumbnail.png
2024-11-05 11:32:07.386 [localhost] [32minfo[39m: Generated presigned URL for retrieval
2024-11-05 11:32:07.388 [localhost] [32minfo[39m: 2024-10-07T08:02:55.290Z-thumbnail.png
2024-11-05 11:32:07.393 [localhost] [32minfo[39m: Generated presigned URL for retrieval
2024-11-05 11:32:07.395 [localhost] [32minfo[39m: wallpaperflare.com_wallpaper (6).jpg
2024-11-05 11:32:07.400 [localhost] [32minfo[39m: Generated presigned URL for retrieval
2024-11-05 11:32:10.283 [localhost] [33mwarn[39m: Controller is fetch courses for store...
2024-11-05 11:32:10.370 [localhost] [32minfo[39m: 2024-10-18T05:52:13.081Z-thumbnail.png
2024-11-05 11:32:10.382 [localhost] [32minfo[39m: Generated presigned URL for retrieval
2024-11-05 11:32:10.386 [localhost] [32minfo[39m: 2024-11-04T04:29:04.583Z-thumbnail.png
2024-11-05 11:32:10.404 [localhost] [32minfo[39m: Generated presigned URL for retrieval
2024-11-05 11:32:55.995 [localhost] [32minfo[39m: Hereeee at getAllCourses controller
2024-11-05 11:32:55.999 [localhost] [32minfo[39m: Fetching courses for admin with status true
2024-11-05 11:32:56.001 [localhost] [32minfo[39m: true
2024-11-05 11:32:56.069 [localhost] [32minfo[39m: Log in controller ====> [object Object],[object Object],[object Object],[object Object],[object Object],[object Object]
2024-11-05 11:32:56.114 [localhost] [32minfo[39m: 2024-10-29T03:33:25.722Z-thumbnail.png
2024-11-05 11:32:56.127 [localhost] [32minfo[39m: Generated presigned URL for retrieval
2024-11-05 11:32:56.129 [localhost] [32minfo[39m: 2024-10-30T06:19:00.058Z-thumbnail.png
2024-11-05 11:32:56.142 [localhost] [32minfo[39m: Generated presigned URL for retrieval
2024-11-05 11:32:56.145 [localhost] [32minfo[39m: wallpaperflare.com_wallpaper (6).jpg
2024-11-05 11:32:56.155 [localhost] [32minfo[39m: Generated presigned URL for retrieval
2024-11-05 11:32:56.161 [localhost] [32minfo[39m: 2024-10-07T08:02:55.290Z-thumbnail.png
2024-11-05 11:32:56.172 [localhost] [32minfo[39m: Generated presigned URL for retrieval
2024-11-05 11:32:56.175 [localhost] [32minfo[39m: 2024-10-18T05:52:13.081Z-thumbnail.png
2024-11-05 11:32:56.191 [localhost] [32minfo[39m: Generated presigned URL for retrieval
2024-11-05 11:32:56.197 [localhost] [32minfo[39m: 2024-11-04T04:29:04.583Z-thumbnail.png
2024-11-05 11:32:56.210 [localhost] [32minfo[39m: Generated presigned URL for retrieval
2024-11-05 11:33:05.968 [localhost] [32minfo[39m: 2024-10-29T03:33:25.722Z-thumbnail.png
2024-11-05 11:33:05.990 [localhost] [32minfo[39m: Generated presigned URL for retrieval
2024-11-05 11:33:05.999 [localhost] [32minfo[39m: 2024-10-30T06:19:00.058Z-thumbnail.png
2024-11-05 11:33:06.018 [localhost] [32minfo[39m: Generated presigned URL for retrieval
2024-11-05 11:33:06.028 [localhost] [32minfo[39m: wallpaperflare.com_wallpaper (6).jpg
2024-11-05 11:33:06.047 [localhost] [32minfo[39m: Generated presigned URL for retrieval
2024-11-05 11:33:06.049 [localhost] [32minfo[39m: 2024-10-07T08:02:55.290Z-thumbnail.png
2024-11-05 11:33:06.062 [localhost] [32minfo[39m: Generated presigned URL for retrieval
2024-11-05 11:33:06.066 [localhost] [32minfo[39m: 2024-10-18T05:52:13.081Z-thumbnail.png
2024-11-05 11:33:06.075 [localhost] [32minfo[39m: Generated presigned URL for retrieval
2024-11-05 11:33:06.077 [localhost] [32minfo[39m: 2024-11-04T04:29:04.583Z-thumbnail.png
2024-11-05 11:33:06.088 [localhost] [32minfo[39m: Generated presigned URL for retrieval
2024-11-05 11:33:06.091 [localhost] [32minfo[39m: Hereeee at getAllCourses controller
2024-11-05 11:33:06.094 [localhost] [32minfo[39m: Fetching courses for admin with status true
2024-11-05 11:33:06.096 [localhost] [32minfo[39m: true
2024-11-05 11:33:06.112 [localhost] [32minfo[39m: Log in controller ====> [object Object],[object Object],[object Object],[object Object],[object Object],[object Object]
2024-11-05 11:33:06.150 [localhost] [32minfo[39m: 2024-10-29T03:33:25.722Z-thumbnail.png
2024-11-05 11:33:06.155 [localhost] [32minfo[39m: Generated presigned URL for retrieval
2024-11-05 11:33:06.158 [localhost] [32minfo[39m: 2024-10-30T06:19:00.058Z-thumbnail.png
2024-11-05 11:33:06.165 [localhost] [32minfo[39m: Generated presigned URL for retrieval
2024-11-05 11:33:06.169 [localhost] [32minfo[39m: wallpaperflare.com_wallpaper (6).jpg
2024-11-05 11:33:06.176 [localhost] [32minfo[39m: Generated presigned URL for retrieval
2024-11-05 11:33:06.179 [localhost] [32minfo[39m: 2024-10-07T08:02:55.290Z-thumbnail.png
2024-11-05 11:33:06.190 [localhost] [32minfo[39m: Generated presigned URL for retrieval
2024-11-05 11:33:06.193 [localhost] [32minfo[39m: 2024-10-18T05:52:13.081Z-thumbnail.png
2024-11-05 11:33:06.198 [localhost] [32minfo[39m: Generated presigned URL for retrieval
2024-11-05 11:33:06.200 [localhost] [32minfo[39m: 2024-11-04T04:29:04.583Z-thumbnail.png
2024-11-05 11:33:06.206 [localhost] [32minfo[39m: Generated presigned URL for retrieval
2024-11-05 11:33:17.439 [localhost] [32minfo[39m: 2024-10-29T03:33:25.722Z-thumbnail.png
2024-11-05 11:33:17.461 [localhost] [32minfo[39m: Generated presigned URL for retrieval
2024-11-05 11:33:17.478 [localhost] [32minfo[39m: 2024-10-30T06:19:00.058Z-thumbnail.png
2024-11-05 11:33:17.501 [localhost] [32minfo[39m: Generated presigned URL for retrieval
2024-11-05 11:33:17.511 [localhost] [32minfo[39m: wallpaperflare.com_wallpaper (6).jpg
2024-11-05 11:33:17.526 [localhost] [32minfo[39m: Generated presigned URL for retrieval
2024-11-05 11:33:17.530 [localhost] [32minfo[39m: 2024-10-18T05:52:13.081Z-thumbnail.png
2024-11-05 11:33:17.539 [localhost] [32minfo[39m: Generated presigned URL for retrieval
2024-11-05 11:33:17.541 [localhost] [32minfo[39m: 2024-10-07T08:02:55.290Z-thumbnail.png
2024-11-05 11:33:17.553 [localhost] [32minfo[39m: Generated presigned URL for retrieval
2024-11-05 11:33:17.555 [localhost] [32minfo[39m: 2024-11-04T04:29:04.583Z-thumbnail.png
2024-11-05 11:33:17.565 [localhost] [32minfo[39m: Generated presigned URL for retrieval
2024-11-05 11:33:17.568 [localhost] [32minfo[39m: Hereeee at getAllCourses controller
2024-11-05 11:33:17.569 [localhost] [32minfo[39m: Fetching courses for admin with status true
2024-11-05 11:33:17.569 [localhost] [32minfo[39m: true
2024-11-05 11:33:17.592 [localhost] [32minfo[39m: Log in controller ====> [object Object],[object Object],[object Object],[object Object],[object Object],[object Object]
2024-11-05 11:33:17.623 [localhost] [32minfo[39m: 2024-10-29T03:33:25.722Z-thumbnail.png
2024-11-05 11:33:17.628 [localhost] [32minfo[39m: Generated presigned URL for retrieval
2024-11-05 11:33:17.630 [localhost] [32minfo[39m: 2024-10-30T06:19:00.058Z-thumbnail.png
2024-11-05 11:33:17.638 [localhost] [32minfo[39m: Generated presigned URL for retrieval
2024-11-05 11:33:17.641 [localhost] [32minfo[39m: wallpaperflare.com_wallpaper (6).jpg
2024-11-05 11:33:17.647 [localhost] [32minfo[39m: Generated presigned URL for retrieval
2024-11-05 11:33:17.649 [localhost] [32minfo[39m: 2024-10-07T08:02:55.290Z-thumbnail.png
2024-11-05 11:33:17.659 [localhost] [32minfo[39m: Generated presigned URL for retrieval
2024-11-05 11:33:17.662 [localhost] [32minfo[39m: 2024-10-18T05:52:13.081Z-thumbnail.png
2024-11-05 11:33:17.666 [localhost] [32minfo[39m: Generated presigned URL for retrieval
2024-11-05 11:33:17.669 [localhost] [32minfo[39m: 2024-11-04T04:29:04.583Z-thumbnail.png
2024-11-05 11:33:17.676 [localhost] [32minfo[39m: Generated presigned URL for retrieval
2024-11-05 11:33:19.434 [localhost] [32minfo[39m: Hereeee at getAllCourses controller
2024-11-05 11:33:19.437 [localhost] [32minfo[39m: Fetching courses for admin with status false
2024-11-05 11:33:19.438 [localhost] [32minfo[39m: false
2024-11-05 11:33:19.560 [localhost] [32minfo[39m: Log in controller ====> [object Object]
2024-11-05 11:33:19.597 [localhost] [32minfo[39m: 2024-11-04T04:17:47.440Z-thumbnail.png
2024-11-05 11:33:19.611 [localhost] [32minfo[39m: Generated presigned URL for retrieval
2024-11-05 11:33:22.961 [localhost] [32minfo[39m: Fetching course with ID: 67284aed54005b0d62052f47
2024-11-05 11:33:22.964 [localhost] [32minfo[39m: Fetching a course.....67284aed54005b0d62052f47
2024-11-05 11:33:22.983 [localhost] [32minfo[39m: 2024-11-04T04:17:47.440Z-thumbnail.png
2024-11-05 11:33:22.989 [localhost] [32minfo[39m: Generated presigned URL for retrieval
2024-11-05 11:33:25.755 [localhost] [33mwarn[39m: here at getLessonDetails controlller
2024-11-05 11:33:25.758 [localhost] [32minfo[39m: Fetching lesson details for courseId: 67284aed54005b0d62052f47, lessonIndex: 0
2024-11-05 11:33:25.804 [localhost] [32minfo[39m: 2024-11-04T04:16:53.625Z-One-Piece---Outside-[Edit_AMV]-[GkjKSlsEAv4].mp4
2024-11-05 11:33:25.818 [localhost] [32minfo[39m: Generated presigned URL for retrieval
2024-11-05 11:33:38.230 [localhost] [32minfo[39m: 2024-10-29T03:33:25.722Z-thumbnail.png
2024-11-05 11:33:38.243 [localhost] [32minfo[39m: Generated presigned URL for retrieval
2024-11-05 11:33:38.246 [localhost] [32minfo[39m: 2024-10-30T06:19:00.058Z-thumbnail.png
2024-11-05 11:33:38.256 [localhost] [32minfo[39m: Generated presigned URL for retrieval
2024-11-05 11:33:38.265 [localhost] [32minfo[39m: wallpaperflare.com_wallpaper (6).jpg
2024-11-05 11:33:38.270 [localhost] [32minfo[39m: Generated presigned URL for retrieval
2024-11-05 11:33:38.272 [localhost] [32minfo[39m: 2024-10-07T08:02:55.290Z-thumbnail.png
2024-11-05 11:33:38.284 [localhost] [32minfo[39m: Generated presigned URL for retrieval
2024-11-05 11:33:38.290 [localhost] [32minfo[39m: 2024-10-18T05:52:13.081Z-thumbnail.png
2024-11-05 11:33:38.298 [localhost] [32minfo[39m: Generated presigned URL for retrieval
2024-11-05 11:33:38.303 [localhost] [32minfo[39m: 2024-11-04T04:29:04.583Z-thumbnail.png
2024-11-05 11:33:38.316 [localhost] [32minfo[39m: Generated presigned URL for retrieval
2024-11-05 11:33:38.322 [localhost] [32minfo[39m: Hereeee at getAllCourses controller
2024-11-05 11:33:38.323 [localhost] [32minfo[39m: Fetching courses for admin with status true
2024-11-05 11:33:38.324 [localhost] [32minfo[39m: true
2024-11-05 11:33:38.351 [localhost] [32minfo[39m: Log in controller ====> [object Object],[object Object],[object Object],[object Object],[object Object],[object Object]
2024-11-05 11:33:38.397 [localhost] [32minfo[39m: 2024-10-29T03:33:25.722Z-thumbnail.png
2024-11-05 11:33:38.408 [localhost] [32minfo[39m: Generated presigned URL for retrieval
2024-11-05 11:33:38.411 [localhost] [32minfo[39m: 2024-10-30T06:19:00.058Z-thumbnail.png
2024-11-05 11:33:38.432 [localhost] [32minfo[39m: Generated presigned URL for retrieval
2024-11-05 11:33:38.440 [localhost] [32minfo[39m: wallpaperflare.com_wallpaper (6).jpg
2024-11-05 11:33:38.458 [localhost] [32minfo[39m: Generated presigned URL for retrieval
2024-11-05 11:33:38.463 [localhost] [32minfo[39m: 2024-10-07T08:02:55.290Z-thumbnail.png
2024-11-05 11:33:38.475 [localhost] [32minfo[39m: Generated presigned URL for retrieval
2024-11-05 11:33:38.488 [localhost] [32minfo[39m: 2024-10-18T05:52:13.081Z-thumbnail.png
2024-11-05 11:33:38.497 [localhost] [32minfo[39m: Generated presigned URL for retrieval
2024-11-05 11:33:38.502 [localhost] [32minfo[39m: 2024-11-04T04:29:04.583Z-thumbnail.png
2024-11-05 11:33:38.520 [localhost] [32minfo[39m: Generated presigned URL for retrieval
2024-11-05 11:36:30.467 [localhost] [32minfo[39m: 2024-10-29T03:33:25.722Z-thumbnail.png
2024-11-05 11:36:30.482 [localhost] [32minfo[39m: Generated presigned URL for retrieval
2024-11-05 11:36:30.490 [localhost] [32minfo[39m: 2024-10-30T06:19:00.058Z-thumbnail.png
2024-11-05 11:36:30.516 [localhost] [32minfo[39m: Generated presigned URL for retrieval
2024-11-05 11:36:30.520 [localhost] [32minfo[39m: wallpaperflare.com_wallpaper (6).jpg
2024-11-05 11:36:30.525 [localhost] [32minfo[39m: Generated presigned URL for retrieval
2024-11-05 11:36:30.530 [localhost] [32minfo[39m: 2024-10-07T08:02:55.290Z-thumbnail.png
2024-11-05 11:36:30.536 [localhost] [32minfo[39m: Generated presigned URL for retrieval
2024-11-05 11:36:30.540 [localhost] [32minfo[39m: 2024-10-18T05:52:13.081Z-thumbnail.png
2024-11-05 11:36:30.550 [localhost] [32minfo[39m: Generated presigned URL for retrieval
2024-11-05 11:36:30.551 [localhost] [32minfo[39m: 2024-11-04T04:29:04.583Z-thumbnail.png
2024-11-05 11:36:30.558 [localhost] [32minfo[39m: Generated presigned URL for retrieval
2024-11-05 11:36:30.560 [localhost] [32minfo[39m: Hereeee at getAllCourses controller
2024-11-05 11:36:30.562 [localhost] [32minfo[39m: Fetching courses for admin with status true
2024-11-05 11:36:30.564 [localhost] [32minfo[39m: true
2024-11-05 11:36:30.584 [localhost] [32minfo[39m: Log in controller ====> [object Object],[object Object],[object Object],[object Object],[object Object],[object Object]
2024-11-05 11:36:30.621 [localhost] [32minfo[39m: 2024-10-29T03:33:25.722Z-thumbnail.png
2024-11-05 11:36:30.626 [localhost] [32minfo[39m: Generated presigned URL for retrieval
2024-11-05 11:36:30.629 [localhost] [32minfo[39m: 2024-10-30T06:19:00.058Z-thumbnail.png
2024-11-05 11:36:30.637 [localhost] [32minfo[39m: Generated presigned URL for retrieval
2024-11-05 11:36:30.639 [localhost] [32minfo[39m: wallpaperflare.com_wallpaper (6).jpg
2024-11-05 11:36:30.646 [localhost] [32minfo[39m: Generated presigned URL for retrieval
2024-11-05 11:36:30.649 [localhost] [32minfo[39m: 2024-10-07T08:02:55.290Z-thumbnail.png
2024-11-05 11:36:30.658 [localhost] [32minfo[39m: Generated presigned URL for retrieval
2024-11-05 11:36:30.660 [localhost] [32minfo[39m: 2024-10-18T05:52:13.081Z-thumbnail.png
2024-11-05 11:36:30.667 [localhost] [32minfo[39m: Generated presigned URL for retrieval
2024-11-05 11:36:30.673 [localhost] [32minfo[39m: 2024-11-04T04:29:04.583Z-thumbnail.png
2024-11-05 11:36:30.686 [localhost] [32minfo[39m: Generated presigned URL for retrieval
2024-11-05 11:38:21.610 [localhost] [33mwarn[39m: Controller is fetch courses for store...
2024-11-05 11:38:21.701 [localhost] [32minfo[39m: 2024-10-29T03:33:25.722Z-thumbnail.png
2024-11-05 11:38:21.708 [localhost] [32minfo[39m: Generated presigned URL for retrieval
2024-11-05 11:38:21.715 [localhost] [32minfo[39m: 2024-10-30T06:19:00.058Z-thumbnail.png
2024-11-05 11:38:21.728 [localhost] [32minfo[39m: Generated presigned URL for retrieval
2024-11-05 11:38:21.732 [localhost] [32minfo[39m: wallpaperflare.com_wallpaper (6).jpg
2024-11-05 11:38:21.744 [localhost] [32minfo[39m: Generated presigned URL for retrieval
2024-11-05 11:38:21.748 [localhost] [32minfo[39m: 2024-10-07T08:02:55.290Z-thumbnail.png
2024-11-05 11:38:21.762 [localhost] [32minfo[39m: Generated presigned URL for retrieval
2024-11-05 11:38:35.994 [localhost] [32minfo[39m: Im here for fetching home page datas.......
2024-11-05 11:38:36.308 [localhost] [32minfo[39m: 2024-10-30T06:19:00.058Z-thumbnail.png
2024-11-05 11:38:36.314 [localhost] [32minfo[39m: Generated presigned URL for retrieval
2024-11-05 11:38:36.316 [localhost] [32minfo[39m: 2024-10-07T08:02:55.290Z-thumbnail.png
2024-11-05 11:38:36.325 [localhost] [32minfo[39m: Generated presigned URL for retrieval
2024-11-05 11:38:36.326 [localhost] [32minfo[39m: 2024-10-29T03:33:25.722Z-thumbnail.png
2024-11-05 11:38:36.336 [localhost] [32minfo[39m: Generated presigned URL for retrieval
2024-11-05 11:38:36.338 [localhost] [32minfo[39m: wallpaperflare.com_wallpaper (6).jpg
2024-11-05 11:38:36.355 [localhost] [32minfo[39m: Generated presigned URL for retrieval
2024-11-05 11:38:36.375 [localhost] [32minfo[39m: 2024-11-04T04:29:04.583Z-thumbnail.png
2024-11-05 11:38:36.388 [localhost] [32minfo[39m: Generated presigned URL for retrieval
2024-11-05 11:38:36.392 [localhost] [32minfo[39m: 2024-10-18T05:52:13.081Z-thumbnail.png
2024-11-05 11:38:36.401 [localhost] [32minfo[39m: Generated presigned URL for retrieval
2024-11-05 11:38:36.406 [localhost] [32minfo[39m: 2024-10-07T08:02:55.290Z-thumbnail.png
2024-11-05 11:38:36.412 [localhost] [32minfo[39m: Generated presigned URL for retrieval
2024-11-05 11:38:36.415 [localhost] [32minfo[39m: wallpaperflare.com_wallpaper (6).jpg
2024-11-05 11:38:36.421 [localhost] [32minfo[39m: Generated presigned URL for retrieval
2024-11-05 11:40:16.665 [localhost] [32minfo[39m: Fetching approved courses for tutor with ID 66cbb30d079c34288caaf86d
2024-11-05 11:40:16.667 [localhost] [32minfo[39m: Fetching courses with params: tutorId: 66cbb30d079c34288caaf86d, page: 1, limit: 5, isApproved: true
2024-11-05 11:40:16.711 [localhost] [32minfo[39m: 2024-10-29T03:33:25.722Z-thumbnail.png
2024-11-05 11:40:16.720 [localhost] [32minfo[39m: Generated presigned URL for retrieval
2024-11-05 11:40:16.722 [localhost] [32minfo[39m: 2024-10-18T05:52:13.081Z-thumbnail.png
2024-11-05 11:40:16.734 [localhost] [32minfo[39m: Generated presigned URL for retrieval
2024-11-05 11:40:16.735 [localhost] [32minfo[39m: 2024-10-30T06:19:00.058Z-thumbnail.png
2024-11-05 11:40:16.740 [localhost] [32minfo[39m: Generated presigned URL for retrieval
2024-11-05 11:40:18.976 [localhost] [32minfo[39m: 2024-10-29T03:33:25.722Z-thumbnail.png
2024-11-05 11:40:18.997 [localhost] [32minfo[39m: Generated presigned URL for retrieval
2024-11-05 11:40:19.006 [localhost] [32minfo[39m: 2024-10-30T06:19:00.058Z-thumbnail.png
2024-11-05 11:40:19.074 [localhost] [32minfo[39m: Generated presigned URL for retrieval
2024-11-05 11:40:19.076 [localhost] [32minfo[39m: 2024-10-18T05:52:13.081Z-thumbnail.png
2024-11-05 11:40:19.084 [localhost] [32minfo[39m: Generated presigned URL for retrieval
2024-11-05 11:40:21.997 [localhost] [32minfo[39m: Fetching all categories...
2024-11-05 11:40:22.009 [localhost] [32minfo[39m: Fetching course with ID: 66d1c3f33585b4921f61c103
2024-11-05 11:40:22.011 [localhost] [32minfo[39m: Fetching a course.....66d1c3f33585b4921f61c103
2024-11-05 11:40:22.192 [localhost] [32minfo[39m: 2024-10-29T03:33:25.722Z-thumbnail.png
2024-11-05 11:40:22.198 [localhost] [32minfo[39m: Generated presigned URL for retrieval
2024-11-05 11:40:24.225 [localhost] [32minfo[39m: 2024-10-29T03:33:25.722Z-thumbnail.png
2024-11-05 11:40:24.230 [localhost] [32minfo[39m: Generated presigned URL for retrieval
2024-11-05 11:40:24.240 [localhost] [32minfo[39m: 2024-10-30T06:19:00.058Z-thumbnail.png
2024-11-05 11:40:24.248 [localhost] [32minfo[39m: Generated presigned URL for retrieval
2024-11-05 11:40:24.251 [localhost] [32minfo[39m: 2024-10-18T05:52:13.081Z-thumbnail.png
2024-11-05 11:40:24.262 [localhost] [32minfo[39m: Generated presigned URL for retrieval
2024-11-05 11:40:27.981 [localhost] [32minfo[39m: Fetching all categories...
2024-11-05 11:40:27.998 [localhost] [32minfo[39m: Fetching course with ID: 66d1c3f33585b4921f61c103
2024-11-05 11:40:27.999 [localhost] [32minfo[39m: Fetching a course.....66d1c3f33585b4921f61c103
2024-11-05 11:40:28.119 [localhost] [32minfo[39m: 2024-10-29T03:33:25.722Z-thumbnail.png
2024-11-05 11:40:28.125 [localhost] [32minfo[39m: Generated presigned URL for retrieval
2024-11-05 11:40:31.096 [localhost] [32minfo[39m: 2024-10-29T03:33:25.722Z-thumbnail.png
2024-11-05 11:40:31.121 [localhost] [32minfo[39m: Generated presigned URL for retrieval
2024-11-05 11:40:31.128 [localhost] [32minfo[39m: 2024-10-30T06:19:00.058Z-thumbnail.png
2024-11-05 11:40:31.157 [localhost] [32minfo[39m: Generated presigned URL for retrieval
2024-11-05 11:40:31.162 [localhost] [32minfo[39m: 2024-10-18T05:52:13.081Z-thumbnail.png
2024-11-05 11:40:31.170 [localhost] [32minfo[39m: Generated presigned URL for retrieval
2024-11-05 11:40:47.098 [localhost] [33mwarn[39m: Controller is fetch courses for store...
2024-11-05 11:40:47.135 [localhost] [32minfo[39m: 2024-10-18T05:52:13.081Z-thumbnail.png
2024-11-05 11:40:47.141 [localhost] [32minfo[39m: Generated presigned URL for retrieval
2024-11-05 11:40:47.143 [localhost] [32minfo[39m: 2024-11-04T04:29:04.583Z-thumbnail.png
2024-11-05 11:40:47.150 [localhost] [32minfo[39m: Generated presigned URL for retrieval
2024-11-05 12:08:49.464 [localhost] [33mwarn[39m: Controller is fetch courses for store...
2024-11-05 12:08:49.521 [localhost] [32minfo[39m: 2024-10-29T03:33:25.722Z-thumbnail.png
2024-11-05 12:08:49.531 [localhost] [32minfo[39m: Generated presigned URL for retrieval
2024-11-05 12:08:49.534 [localhost] [32minfo[39m: 2024-10-30T06:19:00.058Z-thumbnail.png
2024-11-05 12:08:49.542 [localhost] [32minfo[39m: Generated presigned URL for retrieval
2024-11-05 12:08:49.544 [localhost] [32minfo[39m: wallpaperflare.com_wallpaper (6).jpg
2024-11-05 12:08:49.550 [localhost] [32minfo[39m: Generated presigned URL for retrieval
2024-11-05 12:08:49.553 [localhost] [32minfo[39m: 2024-10-07T08:02:55.290Z-thumbnail.png
2024-11-05 12:08:49.558 [localhost] [32minfo[39m: Generated presigned URL for retrieval
2024-11-05 12:08:51.265 [localhost] [33mwarn[39m: Controller is fetch courses for store...
2024-11-05 12:08:51.303 [localhost] [32minfo[39m: 2024-10-18T05:52:13.081Z-thumbnail.png
2024-11-05 12:08:51.312 [localhost] [32minfo[39m: Generated presigned URL for retrieval
2024-11-05 12:08:51.315 [localhost] [32minfo[39m: 2024-11-04T04:29:04.583Z-thumbnail.png
2024-11-05 12:08:51.322 [localhost] [32minfo[39m: Generated presigned URL for retrieval
2024-11-05 12:19:24.984 [localhost] [32minfo[39m: Fetching approved courses for tutor with ID 66d5b839c7006ca20a1796a1
2024-11-05 12:19:25.030 [localhost] [32minfo[39m: Fetching courses with params: tutorId: 66d5b839c7006ca20a1796a1, page: 1, limit: 5, isApproved: true
2024-11-05 12:19:25.190 [localhost] [32minfo[39m: Fetching approved courses for tutor with ID 66d5b839c7006ca20a1796a1
2024-11-05 12:19:25.191 [localhost] [32minfo[39m: Fetching courses with params: tutorId: 66d5b839c7006ca20a1796a1, page: 1, limit: 5, isApproved: true
2024-11-05 12:19:25.208 [localhost] [32minfo[39m: Fetching approved courses for tutor with ID 66d5b839c7006ca20a1796a1
2024-11-05 12:19:25.209 [localhost] [32minfo[39m: Fetching courses with params: tutorId: 66d5b839c7006ca20a1796a1, page: 1, limit: 5, isApproved: true
2024-11-05 12:19:25.230 [localhost] [32minfo[39m: Fetching approved courses for tutor with ID 66d5b839c7006ca20a1796a1
2024-11-05 12:19:25.231 [localhost] [32minfo[39m: Fetching courses with params: tutorId: 66d5b839c7006ca20a1796a1, page: 1, limit: 5, isApproved: true
2024-11-05 12:19:25.251 [localhost] [32minfo[39m: Fetching approved courses for tutor with ID 66d5b839c7006ca20a1796a1
2024-11-05 12:19:25.251 [localhost] [32minfo[39m: Fetching courses with params: tutorId: 66d5b839c7006ca20a1796a1, page: 1, limit: 5, isApproved: true
2024-11-05 12:19:25.266 [localhost] [32minfo[39m: Fetching approved courses for tutor with ID 66d5b839c7006ca20a1796a1
2024-11-05 12:19:25.266 [localhost] [32minfo[39m: Fetching courses with params: tutorId: 66d5b839c7006ca20a1796a1, page: 1, limit: 5, isApproved: true
2024-11-05 12:19:25.292 [localhost] [32minfo[39m: Fetching approved courses for tutor with ID 66d5b839c7006ca20a1796a1
2024-11-05 12:19:25.293 [localhost] [32minfo[39m: Fetching courses with params: tutorId: 66d5b839c7006ca20a1796a1, page: 1, limit: 5, isApproved: true
2024-11-05 12:19:25.306 [localhost] [32minfo[39m: Fetching approved courses for tutor with ID 66d5b839c7006ca20a1796a1
2024-11-05 12:19:25.307 [localhost] [32minfo[39m: Fetching courses with params: tutorId: 66d5b839c7006ca20a1796a1, page: 1, limit: 5, isApproved: true
2024-11-05 12:19:25.327 [localhost] [32minfo[39m: Fetching approved courses for tutor with ID 66d5b839c7006ca20a1796a1
2024-11-05 12:19:25.328 [localhost] [32minfo[39m: Fetching courses with params: tutorId: 66d5b839c7006ca20a1796a1, page: 1, limit: 5, isApproved: true
2024-11-05 12:19:25.341 [localhost] [32minfo[39m: Fetching approved courses for tutor with ID 66d5b839c7006ca20a1796a1
2024-11-05 12:19:25.342 [localhost] [32minfo[39m: Fetching courses with params: tutorId: 66d5b839c7006ca20a1796a1, page: 1, limit: 5, isApproved: true
2024-11-05 12:19:25.358 [localhost] [32minfo[39m: Fetching approved courses for tutor with ID 66d5b839c7006ca20a1796a1
2024-11-05 12:19:25.358 [localhost] [32minfo[39m: Fetching courses with params: tutorId: 66d5b839c7006ca20a1796a1, page: 1, limit: 5, isApproved: true
2024-11-05 12:19:25.373 [localhost] [32minfo[39m: Fetching approved courses for tutor with ID 66d5b839c7006ca20a1796a1
2024-11-05 12:19:25.374 [localhost] [32minfo[39m: Fetching courses with params: tutorId: 66d5b839c7006ca20a1796a1, page: 1, limit: 5, isApproved: true
2024-11-05 12:19:25.389 [localhost] [32minfo[39m: Fetching approved courses for tutor with ID 66d5b839c7006ca20a1796a1
2024-11-05 12:19:25.390 [localhost] [32minfo[39m: Fetching courses with params: tutorId: 66d5b839c7006ca20a1796a1, page: 1, limit: 5, isApproved: true
2024-11-05 12:19:25.405 [localhost] [32minfo[39m: Fetching approved courses for tutor with ID 66d5b839c7006ca20a1796a1
2024-11-05 12:19:25.406 [localhost] [32minfo[39m: Fetching courses with params: tutorId: 66d5b839c7006ca20a1796a1, page: 1, limit: 5, isApproved: true
2024-11-05 12:19:25.421 [localhost] [32minfo[39m: Fetching approved courses for tutor with ID 66d5b839c7006ca20a1796a1
2024-11-05 12:19:25.422 [localhost] [32minfo[39m: Fetching courses with params: tutorId: 66d5b839c7006ca20a1796a1, page: 1, limit: 5, isApproved: true
2024-11-05 12:19:25.437 [localhost] [32minfo[39m: Fetching approved courses for tutor with ID 66d5b839c7006ca20a1796a1
2024-11-05 12:19:25.437 [localhost] [32minfo[39m: Fetching courses with params: tutorId: 66d5b839c7006ca20a1796a1, page: 1, limit: 5, isApproved: true
2024-11-05 12:19:25.454 [localhost] [32minfo[39m: Fetching approved courses for tutor with ID 66d5b839c7006ca20a1796a1
2024-11-05 12:19:25.455 [localhost] [32minfo[39m: Fetching courses with params: tutorId: 66d5b839c7006ca20a1796a1, page: 1, limit: 5, isApproved: true
2024-11-05 12:19:25.468 [localhost] [32minfo[39m: Fetching approved courses for tutor with ID 66d5b839c7006ca20a1796a1
2024-11-05 12:19:25.468 [localhost] [32minfo[39m: Fetching courses with params: tutorId: 66d5b839c7006ca20a1796a1, page: 1, limit: 5, isApproved: true
2024-11-05 12:19:25.483 [localhost] [32minfo[39m: Fetching approved courses for tutor with ID 66d5b839c7006ca20a1796a1
2024-11-05 12:19:25.483 [localhost] [32minfo[39m: Fetching courses with params: tutorId: 66d5b839c7006ca20a1796a1, page: 1, limit: 5, isApproved: true
2024-11-05 12:19:25.504 [localhost] [32minfo[39m: Fetching approved courses for tutor with ID 66d5b839c7006ca20a1796a1
2024-11-05 12:19:25.504 [localhost] [32minfo[39m: Fetching courses with params: tutorId: 66d5b839c7006ca20a1796a1, page: 1, limit: 5, isApproved: true
2024-11-05 12:19:25.518 [localhost] [32minfo[39m: Fetching approved courses for tutor with ID 66d5b839c7006ca20a1796a1
2024-11-05 12:19:25.518 [localhost] [32minfo[39m: Fetching courses with params: tutorId: 66d5b839c7006ca20a1796a1, page: 1, limit: 5, isApproved: true
2024-11-05 12:19:25.533 [localhost] [32minfo[39m: Fetching approved courses for tutor with ID 66d5b839c7006ca20a1796a1
2024-11-05 12:19:25.534 [localhost] [32minfo[39m: Fetching courses with params: tutorId: 66d5b839c7006ca20a1796a1, page: 1, limit: 5, isApproved: true
2024-11-05 12:19:25.550 [localhost] [32minfo[39m: Fetching approved courses for tutor with ID 66d5b839c7006ca20a1796a1
2024-11-05 12:19:25.550 [localhost] [32minfo[39m: Fetching courses with params: tutorId: 66d5b839c7006ca20a1796a1, page: 1, limit: 5, isApproved: true
2024-11-05 12:19:25.564 [localhost] [32minfo[39m: Fetching approved courses for tutor with ID 66d5b839c7006ca20a1796a1
2024-11-05 12:19:25.565 [localhost] [32minfo[39m: Fetching courses with params: tutorId: 66d5b839c7006ca20a1796a1, page: 1, limit: 5, isApproved: true
2024-11-05 12:19:25.578 [localhost] [32minfo[39m: Fetching approved courses for tutor with ID 66d5b839c7006ca20a1796a1
2024-11-05 12:19:25.579 [localhost] [32minfo[39m: Fetching courses with params: tutorId: 66d5b839c7006ca20a1796a1, page: 1, limit: 5, isApproved: true
2024-11-05 12:19:25.592 [localhost] [32minfo[39m: Fetching approved courses for tutor with ID 66d5b839c7006ca20a1796a1
2024-11-05 12:19:25.593 [localhost] [32minfo[39m: Fetching courses with params: tutorId: 66d5b839c7006ca20a1796a1, page: 1, limit: 5, isApproved: true
2024-11-05 12:19:25.608 [localhost] [32minfo[39m: Fetching approved courses for tutor with ID 66d5b839c7006ca20a1796a1
2024-11-05 12:19:25.609 [localhost] [32minfo[39m: Fetching courses with params: tutorId: 66d5b839c7006ca20a1796a1, page: 1, limit: 5, isApproved: true
2024-11-05 12:19:25.624 [localhost] [32minfo[39m: Fetching approved courses for tutor with ID 66d5b839c7006ca20a1796a1
2024-11-05 12:19:25.624 [localhost] [32minfo[39m: Fetching courses with params: tutorId: 66d5b839c7006ca20a1796a1, page: 1, limit: 5, isApproved: true
2024-11-05 12:19:25.638 [localhost] [32minfo[39m: Fetching approved courses for tutor with ID 66d5b839c7006ca20a1796a1
2024-11-05 12:19:25.639 [localhost] [32minfo[39m: Fetching courses with params: tutorId: 66d5b839c7006ca20a1796a1, page: 1, limit: 5, isApproved: true
2024-11-05 12:51:55.312 [localhost] [33mwarn[39m: Controller is fetch courses for store...
2024-11-05 12:51:55.599 [localhost] [32minfo[39m: 2024-10-29T03:33:25.722Z-thumbnail.png
2024-11-05 12:51:55.726 [localhost] [32minfo[39m: Generated presigned URL for retrieval
2024-11-05 12:51:55.728 [localhost] [32minfo[39m: 2024-10-30T06:19:00.058Z-thumbnail.png
2024-11-05 12:51:55.736 [localhost] [32minfo[39m: Generated presigned URL for retrieval
2024-11-05 12:51:55.738 [localhost] [32minfo[39m: wallpaperflare.com_wallpaper (6).jpg
2024-11-05 12:51:55.747 [localhost] [32minfo[39m: Generated presigned URL for retrieval
2024-11-05 12:51:55.751 [localhost] [32minfo[39m: 2024-10-07T08:02:55.290Z-thumbnail.png
2024-11-05 12:51:55.762 [localhost] [32minfo[39m: Generated presigned URL for retrieval
2024-11-05 12:51:58.027 [localhost] [33mwarn[39m: Controller is fetch courses for store...
2024-11-05 12:51:58.097 [localhost] [32minfo[39m: 2024-10-29T03:33:25.722Z-thumbnail.png
2024-11-05 12:51:58.103 [localhost] [32minfo[39m: Generated presigned URL for retrieval
2024-11-05 12:51:58.105 [localhost] [32minfo[39m: 2024-10-30T06:19:00.058Z-thumbnail.png
2024-11-05 12:51:58.116 [localhost] [32minfo[39m: Generated presigned URL for retrieval
2024-11-05 12:51:58.118 [localhost] [32minfo[39m: wallpaperflare.com_wallpaper (6).jpg
2024-11-05 12:51:58.129 [localhost] [32minfo[39m: Generated presigned URL for retrieval
2024-11-05 12:51:58.131 [localhost] [32minfo[39m: 2024-10-07T08:02:55.290Z-thumbnail.png
2024-11-05 12:51:58.139 [localhost] [32minfo[39m: Generated presigned URL for retrieval
2024-11-05 14:38:21.020 [localhost] [33mwarn[39m: Controller is fetch courses for store...
2024-11-05 14:38:21.259 [localhost] [32minfo[39m: 2024-10-29T03:33:25.722Z-thumbnail.png
2024-11-05 14:38:21.410 [localhost] [32minfo[39m: Generated presigned URL for retrieval
2024-11-05 14:38:21.412 [localhost] [32minfo[39m: 2024-10-30T06:19:00.058Z-thumbnail.png
2024-11-05 14:38:21.424 [localhost] [32minfo[39m: Generated presigned URL for retrieval
2024-11-05 14:38:21.429 [localhost] [32minfo[39m: wallpaperflare.com_wallpaper (6).jpg
2024-11-05 14:38:21.450 [localhost] [32minfo[39m: Generated presigned URL for retrieval
2024-11-05 14:38:21.455 [localhost] [32minfo[39m: 2024-10-07T08:02:55.290Z-thumbnail.png
2024-11-05 14:38:21.520 [localhost] [32minfo[39m: Generated presigned URL for retrieval
